---------------------------------------
Begin Slurm Prolog: Apr-09-2024 23:13:23
Job ID:    5609593
User ID:   cchen847
Account:   gts-rs275
Job name:  nerf2_test
Partition: gpu-a100
QOS:       inferno
---------------------------------------
Defaulting to user installation because normal site-packages is not writeable
Requirement already satisfied: scipy==1.10.0 in /storage/home/hcoda1/3/cchen847/.local/lib/python3.9/site-packages (1.10.0)
Requirement already satisfied: numpy<1.27.0,>=1.19.5 in /storage/home/hcoda1/3/cchen847/.local/lib/python3.9/site-packages (from scipy==1.10.0) (1.26.4)
Defaulting to user installation because normal site-packages is not writeable
Requirement already satisfied: mne==1.6.1 in /storage/home/hcoda1/3/cchen847/.local/lib/python3.9/site-packages (1.6.1)
Requirement already satisfied: matplotlib>=3.5.0 in /storage/home/hcoda1/3/cchen847/.local/lib/python3.9/site-packages (from mne==1.6.1) (3.8.4)
Requirement already satisfied: pooch>=1.5 in /storage/home/hcoda1/3/cchen847/.local/lib/python3.9/site-packages (from mne==1.6.1) (1.8.1)
Requirement already satisfied: tqdm in /storage/home/hcoda1/3/cchen847/.local/lib/python3.9/site-packages (from mne==1.6.1) (4.66.2)
Requirement already satisfied: lazy-loader>=0.3 in /storage/home/hcoda1/3/cchen847/.local/lib/python3.9/site-packages (from mne==1.6.1) (0.4)
Requirement already satisfied: scipy>=1.7.1 in /storage/home/hcoda1/3/cchen847/.local/lib/python3.9/site-packages (from mne==1.6.1) (1.10.0)
Requirement already satisfied: packaging in /storage/pace-apps/manual/packages/anaconda3/2022.05.0.1/lib/python3.9/site-packages (from mne==1.6.1) (21.3)
Requirement already satisfied: decorator in /storage/pace-apps/manual/packages/anaconda3/2022.05.0.1/lib/python3.9/site-packages (from mne==1.6.1) (5.1.1)
Requirement already satisfied: jinja2 in /storage/pace-apps/manual/packages/anaconda3/2022.05.0.1/lib/python3.9/site-packages (from mne==1.6.1) (2.11.3)
Requirement already satisfied: numpy>=1.21.2 in /storage/home/hcoda1/3/cchen847/.local/lib/python3.9/site-packages (from mne==1.6.1) (1.26.4)
Requirement already satisfied: pillow>=8 in /storage/pace-apps/manual/packages/anaconda3/2022.05.0.1/lib/python3.9/site-packages (from matplotlib>=3.5.0->mne==1.6.1) (9.0.1)
Requirement already satisfied: fonttools>=4.22.0 in /storage/pace-apps/manual/packages/anaconda3/2022.05.0.1/lib/python3.9/site-packages (from matplotlib>=3.5.0->mne==1.6.1) (4.25.0)
Requirement already satisfied: pyparsing>=2.3.1 in /storage/pace-apps/manual/packages/anaconda3/2022.05.0.1/lib/python3.9/site-packages (from matplotlib>=3.5.0->mne==1.6.1) (3.0.4)
Requirement already satisfied: cycler>=0.10 in /storage/pace-apps/manual/packages/anaconda3/2022.05.0.1/lib/python3.9/site-packages (from matplotlib>=3.5.0->mne==1.6.1) (0.11.0)
Requirement already satisfied: contourpy>=1.0.1 in /storage/home/hcoda1/3/cchen847/.local/lib/python3.9/site-packages (from matplotlib>=3.5.0->mne==1.6.1) (1.2.1)
Requirement already satisfied: kiwisolver>=1.3.1 in /storage/pace-apps/manual/packages/anaconda3/2022.05.0.1/lib/python3.9/site-packages (from matplotlib>=3.5.0->mne==1.6.1) (1.3.2)
Requirement already satisfied: importlib-resources>=3.2.0 in /storage/home/hcoda1/3/cchen847/.local/lib/python3.9/site-packages (from matplotlib>=3.5.0->mne==1.6.1) (6.4.0)
Requirement already satisfied: python-dateutil>=2.7 in /storage/pace-apps/manual/packages/anaconda3/2022.05.0.1/lib/python3.9/site-packages (from matplotlib>=3.5.0->mne==1.6.1) (2.8.2)
Requirement already satisfied: zipp>=3.1.0 in /storage/pace-apps/manual/packages/anaconda3/2022.05.0.1/lib/python3.9/site-packages (from importlib-resources>=3.2.0->matplotlib>=3.5.0->mne==1.6.1) (3.7.0)
Requirement already satisfied: platformdirs>=2.5.0 in /storage/home/hcoda1/3/cchen847/.local/lib/python3.9/site-packages (from pooch>=1.5->mne==1.6.1) (4.2.0)
Requirement already satisfied: requests>=2.19.0 in /storage/home/hcoda1/3/cchen847/.local/lib/python3.9/site-packages (from pooch>=1.5->mne==1.6.1) (2.31.0)
Requirement already satisfied: six>=1.5 in /storage/pace-apps/manual/packages/anaconda3/2022.05.0.1/lib/python3.9/site-packages (from python-dateutil>=2.7->matplotlib>=3.5.0->mne==1.6.1) (1.16.0)
Requirement already satisfied: urllib3<3,>=1.21.1 in /storage/home/hcoda1/3/cchen847/.local/lib/python3.9/site-packages (from requests>=2.19.0->pooch>=1.5->mne==1.6.1) (1.26.18)
Requirement already satisfied: certifi>=2017.4.17 in /storage/pace-apps/manual/packages/anaconda3/2022.05.0.1/lib/python3.9/site-packages (from requests>=2.19.0->pooch>=1.5->mne==1.6.1) (2021.10.8)
Requirement already satisfied: idna<4,>=2.5 in /storage/pace-apps/manual/packages/anaconda3/2022.05.0.1/lib/python3.9/site-packages (from requests>=2.19.0->pooch>=1.5->mne==1.6.1) (3.3)
Requirement already satisfied: charset-normalizer<4,>=2 in /storage/pace-apps/manual/packages/anaconda3/2022.05.0.1/lib/python3.9/site-packages (from requests>=2.19.0->pooch>=1.5->mne==1.6.1) (2.0.4)
Requirement already satisfied: MarkupSafe>=0.23 in /storage/pace-apps/manual/packages/anaconda3/2022.05.0.1/lib/python3.9/site-packages (from jinja2->mne==1.6.1) (2.0.1)
Defaulting to user installation because normal site-packages is not writeable
Requirement already satisfied: mne_bids in /storage/home/hcoda1/3/cchen847/.local/lib/python3.9/site-packages (0.13)
Requirement already satisfied: scipy>=1.6.3 in /storage/home/hcoda1/3/cchen847/.local/lib/python3.9/site-packages (from mne_bids) (1.10.0)
Requirement already satisfied: mne>=1.4 in /storage/home/hcoda1/3/cchen847/.local/lib/python3.9/site-packages (from mne_bids) (1.6.1)
Requirement already satisfied: numpy>=1.20.2 in /storage/home/hcoda1/3/cchen847/.local/lib/python3.9/site-packages (from mne_bids) (1.26.4)
Requirement already satisfied: tqdm in /storage/home/hcoda1/3/cchen847/.local/lib/python3.9/site-packages (from mne>=1.4->mne_bids) (4.66.2)
Requirement already satisfied: jinja2 in /storage/pace-apps/manual/packages/anaconda3/2022.05.0.1/lib/python3.9/site-packages (from mne>=1.4->mne_bids) (2.11.3)
Requirement already satisfied: decorator in /storage/pace-apps/manual/packages/anaconda3/2022.05.0.1/lib/python3.9/site-packages (from mne>=1.4->mne_bids) (5.1.1)
Requirement already satisfied: packaging in /storage/pace-apps/manual/packages/anaconda3/2022.05.0.1/lib/python3.9/site-packages (from mne>=1.4->mne_bids) (21.3)
Requirement already satisfied: matplotlib>=3.5.0 in /storage/home/hcoda1/3/cchen847/.local/lib/python3.9/site-packages (from mne>=1.4->mne_bids) (3.8.4)
Requirement already satisfied: lazy-loader>=0.3 in /storage/home/hcoda1/3/cchen847/.local/lib/python3.9/site-packages (from mne>=1.4->mne_bids) (0.4)
Requirement already satisfied: pooch>=1.5 in /storage/home/hcoda1/3/cchen847/.local/lib/python3.9/site-packages (from mne>=1.4->mne_bids) (1.8.1)
Requirement already satisfied: pyparsing>=2.3.1 in /storage/pace-apps/manual/packages/anaconda3/2022.05.0.1/lib/python3.9/site-packages (from matplotlib>=3.5.0->mne>=1.4->mne_bids) (3.0.4)
Requirement already satisfied: kiwisolver>=1.3.1 in /storage/pace-apps/manual/packages/anaconda3/2022.05.0.1/lib/python3.9/site-packages (from matplotlib>=3.5.0->mne>=1.4->mne_bids) (1.3.2)
Requirement already satisfied: contourpy>=1.0.1 in /storage/home/hcoda1/3/cchen847/.local/lib/python3.9/site-packages (from matplotlib>=3.5.0->mne>=1.4->mne_bids) (1.2.1)
Requirement already satisfied: cycler>=0.10 in /storage/pace-apps/manual/packages/anaconda3/2022.05.0.1/lib/python3.9/site-packages (from matplotlib>=3.5.0->mne>=1.4->mne_bids) (0.11.0)
Requirement already satisfied: pillow>=8 in /storage/pace-apps/manual/packages/anaconda3/2022.05.0.1/lib/python3.9/site-packages (from matplotlib>=3.5.0->mne>=1.4->mne_bids) (9.0.1)
Requirement already satisfied: importlib-resources>=3.2.0 in /storage/home/hcoda1/3/cchen847/.local/lib/python3.9/site-packages (from matplotlib>=3.5.0->mne>=1.4->mne_bids) (6.4.0)
Requirement already satisfied: python-dateutil>=2.7 in /storage/pace-apps/manual/packages/anaconda3/2022.05.0.1/lib/python3.9/site-packages (from matplotlib>=3.5.0->mne>=1.4->mne_bids) (2.8.2)
Requirement already satisfied: fonttools>=4.22.0 in /storage/pace-apps/manual/packages/anaconda3/2022.05.0.1/lib/python3.9/site-packages (from matplotlib>=3.5.0->mne>=1.4->mne_bids) (4.25.0)
Requirement already satisfied: zipp>=3.1.0 in /storage/pace-apps/manual/packages/anaconda3/2022.05.0.1/lib/python3.9/site-packages (from importlib-resources>=3.2.0->matplotlib>=3.5.0->mne>=1.4->mne_bids) (3.7.0)
Requirement already satisfied: requests>=2.19.0 in /storage/home/hcoda1/3/cchen847/.local/lib/python3.9/site-packages (from pooch>=1.5->mne>=1.4->mne_bids) (2.31.0)
Requirement already satisfied: platformdirs>=2.5.0 in /storage/home/hcoda1/3/cchen847/.local/lib/python3.9/site-packages (from pooch>=1.5->mne>=1.4->mne_bids) (4.2.0)
Requirement already satisfied: six>=1.5 in /storage/pace-apps/manual/packages/anaconda3/2022.05.0.1/lib/python3.9/site-packages (from python-dateutil>=2.7->matplotlib>=3.5.0->mne>=1.4->mne_bids) (1.16.0)
Requirement already satisfied: urllib3<3,>=1.21.1 in /storage/home/hcoda1/3/cchen847/.local/lib/python3.9/site-packages (from requests>=2.19.0->pooch>=1.5->mne>=1.4->mne_bids) (1.26.18)
Requirement already satisfied: charset-normalizer<4,>=2 in /storage/pace-apps/manual/packages/anaconda3/2022.05.0.1/lib/python3.9/site-packages (from requests>=2.19.0->pooch>=1.5->mne>=1.4->mne_bids) (2.0.4)
Requirement already satisfied: idna<4,>=2.5 in /storage/pace-apps/manual/packages/anaconda3/2022.05.0.1/lib/python3.9/site-packages (from requests>=2.19.0->pooch>=1.5->mne>=1.4->mne_bids) (3.3)
Requirement already satisfied: certifi>=2017.4.17 in /storage/pace-apps/manual/packages/anaconda3/2022.05.0.1/lib/python3.9/site-packages (from requests>=2.19.0->pooch>=1.5->mne>=1.4->mne_bids) (2021.10.8)
Requirement already satisfied: MarkupSafe>=0.23 in /storage/pace-apps/manual/packages/anaconda3/2022.05.0.1/lib/python3.9/site-packages (from jinja2->mne>=1.4->mne_bids) (2.0.1)
Defaulting to user installation because normal site-packages is not writeable
Requirement already satisfied: pyriemann in /storage/home/hcoda1/3/cchen847/.local/lib/python3.9/site-packages (0.5)
Requirement already satisfied: scikit-learn in /storage/home/hcoda1/3/cchen847/.local/lib/python3.9/site-packages (from pyriemann) (1.4.2)
Requirement already satisfied: joblib in /storage/home/hcoda1/3/cchen847/.local/lib/python3.9/site-packages (from pyriemann) (1.4.0)
Requirement already satisfied: numpy!=1.24.0 in /storage/home/hcoda1/3/cchen847/.local/lib/python3.9/site-packages (from pyriemann) (1.26.4)
Requirement already satisfied: scipy in /storage/home/hcoda1/3/cchen847/.local/lib/python3.9/site-packages (from pyriemann) (1.10.0)
Requirement already satisfied: threadpoolctl>=2.0.0 in /storage/pace-apps/manual/packages/anaconda3/2022.05.0.1/lib/python3.9/site-packages (from scikit-learn->pyriemann) (2.2.0)
Defaulting to user installation because normal site-packages is not writeable
Requirement already satisfied: scikit-learn in /storage/home/hcoda1/3/cchen847/.local/lib/python3.9/site-packages (1.4.2)
Requirement already satisfied: threadpoolctl>=2.0.0 in /storage/pace-apps/manual/packages/anaconda3/2022.05.0.1/lib/python3.9/site-packages (from scikit-learn) (2.2.0)
Requirement already satisfied: joblib>=1.2.0 in /storage/home/hcoda1/3/cchen847/.local/lib/python3.9/site-packages (from scikit-learn) (1.4.0)
Requirement already satisfied: numpy>=1.19.5 in /storage/home/hcoda1/3/cchen847/.local/lib/python3.9/site-packages (from scikit-learn) (1.26.4)
Requirement already satisfied: scipy>=1.6.0 in /storage/home/hcoda1/3/cchen847/.local/lib/python3.9/site-packages (from scikit-learn) (1.10.0)
Defaulting to user installation because normal site-packages is not writeable
Requirement already satisfied: moabb in /storage/home/hcoda1/3/cchen847/.local/lib/python3.9/site-packages (1.0.0)
Requirement already satisfied: coverage<8.0.0,>=7.0.1 in /storage/home/hcoda1/3/cchen847/.local/lib/python3.9/site-packages (from moabb) (7.4.4)
Requirement already satisfied: edflib-python<2.0.0,>=1.0.6 in /storage/home/hcoda1/3/cchen847/.local/lib/python3.9/site-packages (from moabb) (1.0.8)
Requirement already satisfied: scikit-learn<2.0.0,>=1.2.0 in /storage/home/hcoda1/3/cchen847/.local/lib/python3.9/site-packages (from moabb) (1.4.2)
Requirement already satisfied: pandas<2.0.0,>=1.5.2 in /storage/home/hcoda1/3/cchen847/.local/lib/python3.9/site-packages (from moabb) (1.5.3)
Requirement already satisfied: tqdm<5.0.0,>=4.64.1 in /storage/home/hcoda1/3/cchen847/.local/lib/python3.9/site-packages (from moabb) (4.66.2)
Requirement already satisfied: h5py<=3.8.0 in /storage/pace-apps/manual/packages/anaconda3/2022.05.0.1/lib/python3.9/site-packages (from moabb) (3.6.0)
Requirement already satisfied: memory-profiler<0.62.0,>=0.61.0 in /storage/home/hcoda1/3/cchen847/.local/lib/python3.9/site-packages (from moabb) (0.61.0)
Requirement already satisfied: mne<2.0,>=1.4 in /storage/home/hcoda1/3/cchen847/.local/lib/python3.9/site-packages (from moabb) (1.6.1)
Requirement already satisfied: urllib3<2.0.0,>=1.26.15 in /storage/home/hcoda1/3/cchen847/.local/lib/python3.9/site-packages (from moabb) (1.26.18)
Requirement already satisfied: pytest<8.0.0,>=7.4.0 in /storage/home/hcoda1/3/cchen847/.local/lib/python3.9/site-packages (from moabb) (7.4.4)
Requirement already satisfied: requests<3.0.0,>=2.28.1 in /storage/home/hcoda1/3/cchen847/.local/lib/python3.9/site-packages (from moabb) (2.31.0)
Requirement already satisfied: matplotlib<4.0.0,>=3.6.2 in /storage/home/hcoda1/3/cchen847/.local/lib/python3.9/site-packages (from moabb) (3.8.4)
Requirement already satisfied: numpy<2.0,>=1.22 in /storage/home/hcoda1/3/cchen847/.local/lib/python3.9/site-packages (from moabb) (1.26.4)
Requirement already satisfied: PyYAML<7.0,>=6.0 in /storage/pace-apps/manual/packages/anaconda3/2022.05.0.1/lib/python3.9/site-packages (from moabb) (6.0)
Requirement already satisfied: pyriemann<0.6,>=0.5 in /storage/home/hcoda1/3/cchen847/.local/lib/python3.9/site-packages (from moabb) (0.5)
Requirement already satisfied: pooch<2.0.0,>=1.6.0 in /storage/home/hcoda1/3/cchen847/.local/lib/python3.9/site-packages (from moabb) (1.8.1)
Requirement already satisfied: seaborn<0.13.0,>=0.12.1 in /storage/home/hcoda1/3/cchen847/.local/lib/python3.9/site-packages (from moabb) (0.12.2)
Requirement already satisfied: mne-bids<0.14,>=0.13 in /storage/home/hcoda1/3/cchen847/.local/lib/python3.9/site-packages (from moabb) (0.13)
Requirement already satisfied: scipy<2.0.0,>=1.9.3 in /storage/home/hcoda1/3/cchen847/.local/lib/python3.9/site-packages (from moabb) (1.10.0)
Requirement already satisfied: fonttools>=4.22.0 in /storage/pace-apps/manual/packages/anaconda3/2022.05.0.1/lib/python3.9/site-packages (from matplotlib<4.0.0,>=3.6.2->moabb) (4.25.0)
Requirement already satisfied: importlib-resources>=3.2.0 in /storage/home/hcoda1/3/cchen847/.local/lib/python3.9/site-packages (from matplotlib<4.0.0,>=3.6.2->moabb) (6.4.0)
Requirement already satisfied: packaging>=20.0 in /storage/pace-apps/manual/packages/anaconda3/2022.05.0.1/lib/python3.9/site-packages (from matplotlib<4.0.0,>=3.6.2->moabb) (21.3)
Requirement already satisfied: pyparsing>=2.3.1 in /storage/pace-apps/manual/packages/anaconda3/2022.05.0.1/lib/python3.9/site-packages (from matplotlib<4.0.0,>=3.6.2->moabb) (3.0.4)
Requirement already satisfied: kiwisolver>=1.3.1 in /storage/pace-apps/manual/packages/anaconda3/2022.05.0.1/lib/python3.9/site-packages (from matplotlib<4.0.0,>=3.6.2->moabb) (1.3.2)
Requirement already satisfied: pillow>=8 in /storage/pace-apps/manual/packages/anaconda3/2022.05.0.1/lib/python3.9/site-packages (from matplotlib<4.0.0,>=3.6.2->moabb) (9.0.1)
Requirement already satisfied: python-dateutil>=2.7 in /storage/pace-apps/manual/packages/anaconda3/2022.05.0.1/lib/python3.9/site-packages (from matplotlib<4.0.0,>=3.6.2->moabb) (2.8.2)
Requirement already satisfied: contourpy>=1.0.1 in /storage/home/hcoda1/3/cchen847/.local/lib/python3.9/site-packages (from matplotlib<4.0.0,>=3.6.2->moabb) (1.2.1)
Requirement already satisfied: cycler>=0.10 in /storage/pace-apps/manual/packages/anaconda3/2022.05.0.1/lib/python3.9/site-packages (from matplotlib<4.0.0,>=3.6.2->moabb) (0.11.0)
Requirement already satisfied: zipp>=3.1.0 in /storage/pace-apps/manual/packages/anaconda3/2022.05.0.1/lib/python3.9/site-packages (from importlib-resources>=3.2.0->matplotlib<4.0.0,>=3.6.2->moabb) (3.7.0)
Requirement already satisfied: psutil in /storage/pace-apps/manual/packages/anaconda3/2022.05.0.1/lib/python3.9/site-packages (from memory-profiler<0.62.0,>=0.61.0->moabb) (5.8.0)
Requirement already satisfied: lazy-loader>=0.3 in /storage/home/hcoda1/3/cchen847/.local/lib/python3.9/site-packages (from mne<2.0,>=1.4->moabb) (0.4)
Requirement already satisfied: decorator in /storage/pace-apps/manual/packages/anaconda3/2022.05.0.1/lib/python3.9/site-packages (from mne<2.0,>=1.4->moabb) (5.1.1)
Requirement already satisfied: jinja2 in /storage/pace-apps/manual/packages/anaconda3/2022.05.0.1/lib/python3.9/site-packages (from mne<2.0,>=1.4->moabb) (2.11.3)
Requirement already satisfied: pytz>=2020.1 in /storage/pace-apps/manual/packages/anaconda3/2022.05.0.1/lib/python3.9/site-packages (from pandas<2.0.0,>=1.5.2->moabb) (2021.3)
Requirement already satisfied: platformdirs>=2.5.0 in /storage/home/hcoda1/3/cchen847/.local/lib/python3.9/site-packages (from pooch<2.0.0,>=1.6.0->moabb) (4.2.0)
Requirement already satisfied: joblib in /storage/home/hcoda1/3/cchen847/.local/lib/python3.9/site-packages (from pyriemann<0.6,>=0.5->moabb) (1.4.0)
Requirement already satisfied: tomli>=1.0.0 in /storage/pace-apps/manual/packages/anaconda3/2022.05.0.1/lib/python3.9/site-packages (from pytest<8.0.0,>=7.4.0->moabb) (1.2.2)
Requirement already satisfied: iniconfig in /storage/pace-apps/manual/packages/anaconda3/2022.05.0.1/lib/python3.9/site-packages (from pytest<8.0.0,>=7.4.0->moabb) (1.1.1)
Requirement already satisfied: exceptiongroup>=1.0.0rc8 in /storage/home/hcoda1/3/cchen847/.local/lib/python3.9/site-packages (from pytest<8.0.0,>=7.4.0->moabb) (1.2.0)
Requirement already satisfied: pluggy<2.0,>=0.12 in /storage/pace-apps/manual/packages/anaconda3/2022.05.0.1/lib/python3.9/site-packages (from pytest<8.0.0,>=7.4.0->moabb) (1.0.0)
Requirement already satisfied: six>=1.5 in /storage/pace-apps/manual/packages/anaconda3/2022.05.0.1/lib/python3.9/site-packages (from python-dateutil>=2.7->matplotlib<4.0.0,>=3.6.2->moabb) (1.16.0)
Requirement already satisfied: certifi>=2017.4.17 in /storage/pace-apps/manual/packages/anaconda3/2022.05.0.1/lib/python3.9/site-packages (from requests<3.0.0,>=2.28.1->moabb) (2021.10.8)
Requirement already satisfied: charset-normalizer<4,>=2 in /storage/pace-apps/manual/packages/anaconda3/2022.05.0.1/lib/python3.9/site-packages (from requests<3.0.0,>=2.28.1->moabb) (2.0.4)
Requirement already satisfied: idna<4,>=2.5 in /storage/pace-apps/manual/packages/anaconda3/2022.05.0.1/lib/python3.9/site-packages (from requests<3.0.0,>=2.28.1->moabb) (3.3)
Requirement already satisfied: threadpoolctl>=2.0.0 in /storage/pace-apps/manual/packages/anaconda3/2022.05.0.1/lib/python3.9/site-packages (from scikit-learn<2.0.0,>=1.2.0->moabb) (2.2.0)
Requirement already satisfied: MarkupSafe>=0.23 in /storage/pace-apps/manual/packages/anaconda3/2022.05.0.1/lib/python3.9/site-packages (from jinja2->mne<2.0,>=1.4->moabb) (2.0.1)
<frozen importlib._bootstrap>:228: FutureWarning: mne.io.pick.pick_types is deprecated will be removed in 1.6, use documented public API instead. If no appropriate public API exists, please open an issue on GitHub.
<frozen importlib._bootstrap>:228: FutureWarning: mne.io.pick.pick_channels_regexp is deprecated will be removed in 1.6, use documented public API instead. If no appropriate public API exists, please open an issue on GitHub.
<frozen importlib._bootstrap>:228: FutureWarning: mne.io.pick.channel_type is deprecated will be removed in 1.6, use documented public API instead. If no appropriate public API exists, please open an issue on GitHub.
/storage/home/hcoda1/3/cchen847/.local/lib/python3.9/site-packages/moabb/pipelines/__init__.py:26: ModuleNotFoundError: Tensorflow is not installed. You won't be able to use these MOABB pipelines if you attempt to do so.
  warn(
To use the get_shape_from_baseconcar, InputShapeSetterEEG, BraindecodeDatasetLoaderyou need to install `braindecode`.`pip install braindecode` or Please refer to `https://braindecode.org`.
Loading subjects [1, 2, 3, 4, 5, 6, 7, 8, 9, 10, 11, 12, 13, 14, 15, 16, 17, 18, 19, 20, 21, 22, 23, 24, 25, 26, 27, 28, 29] to /storage/home/hcoda1/3/cchen847/p-rs275-0/da_eeg/mDA/mne-data/...
Traceback (most recent call last):
  File "/storage/coda1/p-rs275/0/cchen847/da_eeg/mDA/Notebook/mDA_Shin2017A.py", line 208, in <module>
    data = dataset1.get_data(subjects=subjects, cache_config={'path': args.download_path})
  File "/storage/home/hcoda1/3/cchen847/.local/lib/python3.9/site-packages/moabb/datasets/base.py", line 342, in get_data
    data[subject] = self._get_single_subject_data_using_cache(
  File "/storage/home/hcoda1/3/cchen847/.local/lib/python3.9/site-packages/moabb/datasets/base.py", line 436, in _get_single_subject_data_using_cache
    sessions_data = self._get_single_subject_data(subject)
  File "/storage/home/hcoda1/3/cchen847/.local/lib/python3.9/site-packages/moabb/datasets/bbci_eeg_fnirs.py", line 132, in _get_single_subject_data
    fname, fname_mrk = self.data_path(subject)
  File "/storage/home/hcoda1/3/cchen847/.local/lib/python3.9/site-packages/moabb/datasets/bbci_eeg_fnirs.py", line 181, in data_path
    path = _get_path(path, key, "BBCI EEG-fNIRS")
  File "/storage/home/hcoda1/3/cchen847/.local/lib/python3.9/site-packages/mne/datasets/utils.py", line 118, in _get_path
    raise FileNotFoundError(msg)
FileNotFoundError: Download location /storage/home/hcoda1/3/cchen847/mne_data as specified by MNE_DATA does not exist. Either create this directory manually and try again, or set MNE_DATA to an existing directory.
<frozen importlib._bootstrap>:228: FutureWarning: mne.io.pick.pick_types is deprecated will be removed in 1.6, use documented public API instead. If no appropriate public API exists, please open an issue on GitHub.
<frozen importlib._bootstrap>:228: FutureWarning: mne.io.pick.pick_channels_regexp is deprecated will be removed in 1.6, use documented public API instead. If no appropriate public API exists, please open an issue on GitHub.
<frozen importlib._bootstrap>:228: FutureWarning: mne.io.pick.channel_type is deprecated will be removed in 1.6, use documented public API instead. If no appropriate public API exists, please open an issue on GitHub.
/storage/home/hcoda1/3/cchen847/.local/lib/python3.9/site-packages/moabb/pipelines/__init__.py:26: ModuleNotFoundError: Tensorflow is not installed. You won't be able to use these MOABB pipelines if you attempt to do so.
  warn(
To use the get_shape_from_baseconcar, InputShapeSetterEEG, BraindecodeDatasetLoaderyou need to install `braindecode`.`pip install braindecode` or Please refer to `https://braindecode.org`.
Loading subjects [1, 2, 3, 4, 5, 6, 7, 8, 9, 10, 11, 12, 13, 14, 15, 16, 17, 18, 19, 20, 21, 22, 23, 24, 25, 26, 27, 28, 29] to /storage/home/hcoda1/3/cchen847/p-rs275-0/da_eeg/mDA/mne-data/...
Traceback (most recent call last):
  File "/storage/coda1/p-rs275/0/cchen847/da_eeg/mDA/Notebook/mDA_Shin2017B.py", line 208, in <module>
    data = dataset1.get_data(subjects=subjects, cache_config={'path': args.download_path})
  File "/storage/home/hcoda1/3/cchen847/.local/lib/python3.9/site-packages/moabb/datasets/base.py", line 342, in get_data
    data[subject] = self._get_single_subject_data_using_cache(
  File "/storage/home/hcoda1/3/cchen847/.local/lib/python3.9/site-packages/moabb/datasets/base.py", line 436, in _get_single_subject_data_using_cache
    sessions_data = self._get_single_subject_data(subject)
  File "/storage/home/hcoda1/3/cchen847/.local/lib/python3.9/site-packages/moabb/datasets/bbci_eeg_fnirs.py", line 132, in _get_single_subject_data
    fname, fname_mrk = self.data_path(subject)
  File "/storage/home/hcoda1/3/cchen847/.local/lib/python3.9/site-packages/moabb/datasets/bbci_eeg_fnirs.py", line 181, in data_path
    path = _get_path(path, key, "BBCI EEG-fNIRS")
  File "/storage/home/hcoda1/3/cchen847/.local/lib/python3.9/site-packages/mne/datasets/utils.py", line 118, in _get_path
    raise FileNotFoundError(msg)
FileNotFoundError: Download location /storage/home/hcoda1/3/cchen847/mne_data as specified by MNE_DATA does not exist. Either create this directory manually and try again, or set MNE_DATA to an existing directory.
<frozen importlib._bootstrap>:228: FutureWarning: mne.io.pick.pick_types is deprecated will be removed in 1.6, use documented public API instead. If no appropriate public API exists, please open an issue on GitHub.
<frozen importlib._bootstrap>:228: FutureWarning: mne.io.pick.pick_channels_regexp is deprecated will be removed in 1.6, use documented public API instead. If no appropriate public API exists, please open an issue on GitHub.
<frozen importlib._bootstrap>:228: FutureWarning: mne.io.pick.channel_type is deprecated will be removed in 1.6, use documented public API instead. If no appropriate public API exists, please open an issue on GitHub.
/storage/home/hcoda1/3/cchen847/.local/lib/python3.9/site-packages/moabb/pipelines/__init__.py:26: ModuleNotFoundError: Tensorflow is not installed. You won't be able to use these MOABB pipelines if you attempt to do so.
  warn(
To use the get_shape_from_baseconcar, InputShapeSetterEEG, BraindecodeDatasetLoaderyou need to install `braindecode`.`pip install braindecode` or Please refer to `https://braindecode.org`.
Loading subjects [1, 2, 3, 4, 5, 6, 7, 8, 9] to /storage/home/hcoda1/3/cchen847/p-rs275-0/da_eeg/mDA/mne-data/...
Traceback (most recent call last):
  File "/storage/coda1/p-rs275/0/cchen847/da_eeg/mDA/Notebook/mDA_BNCI.py", line 208, in <module>
    data = dataset1.get_data(subjects=subjects, cache_config={'path': args.download_path})
  File "/storage/home/hcoda1/3/cchen847/.local/lib/python3.9/site-packages/moabb/datasets/base.py", line 342, in get_data
    data[subject] = self._get_single_subject_data_using_cache(
  File "/storage/home/hcoda1/3/cchen847/.local/lib/python3.9/site-packages/moabb/datasets/base.py", line 436, in _get_single_subject_data_using_cache
    sessions_data = self._get_single_subject_data(subject)
  File "/storage/home/hcoda1/3/cchen847/.local/lib/python3.9/site-packages/moabb/datasets/bnci.py", line 738, in _get_single_subject_data
    sessions = load_data(subject=subject, dataset=self.code, verbose=False)
  File "<decorator-gen-435>", line 10, in load_data
  File "/storage/home/hcoda1/3/cchen847/.local/lib/python3.9/site-packages/moabb/datasets/bnci.py", line 111, in load_data
    return dataset_list[dataset](
  File "<decorator-gen-443>", line 10, in _load_data_004_2015
  File "/storage/home/hcoda1/3/cchen847/.local/lib/python3.9/site-packages/moabb/datasets/bnci.py", line 411, in _load_data_004_2015
    filename = data_path(url, path, force_update, update_path)[0]
  File "/storage/home/hcoda1/3/cchen847/.local/lib/python3.9/site-packages/moabb/datasets/bnci.py", line 20, in data_path
    return [dl.data_dl(url, "BNCI", path, force_update, verbose)]
  File "<decorator-gen-434>", line 12, in data_dl
  File "/storage/home/hcoda1/3/cchen847/.local/lib/python3.9/site-packages/moabb/datasets/download.py", line 136, in data_dl
    path = Path(get_dataset_path(sign, path))
  File "/storage/home/hcoda1/3/cchen847/.local/lib/python3.9/site-packages/moabb/datasets/download.py", line 56, in get_dataset_path
    return _get_path(path, key, sign)
  File "/storage/home/hcoda1/3/cchen847/.local/lib/python3.9/site-packages/mne/datasets/utils.py", line 118, in _get_path
    raise FileNotFoundError(msg)
FileNotFoundError: Download location /storage/home/hcoda1/3/cchen847/mne_data as specified by MNE_DATA does not exist. Either create this directory manually and try again, or set MNE_DATA to an existing directory.
Downloading file 'S053/S053R10.edf' from 'https://physionet.org/files/eegmmidb/1.0.0/S053/S053R10.edf' to '/storage/home/hcoda1/3/cchen847/p-rs275-0/da_eeg/mDA/mne-data/MNE-eegbci-data/files/eegmmidb/1.0.0'.
Downloading file 'S053/S053R14.edf' from 'https://physionet.org/files/eegmmidb/1.0.0/S053/S053R14.edf' to '/storage/home/hcoda1/3/cchen847/p-rs275-0/da_eeg/mDA/mne-data/MNE-eegbci-data/files/eegmmidb/1.0.0'.
Downloading file 'S054/S054R06.edf' from 'https://physionet.org/files/eegmmidb/1.0.0/S054/S054R06.edf' to '/storage/home/hcoda1/3/cchen847/p-rs275-0/da_eeg/mDA/mne-data/MNE-eegbci-data/files/eegmmidb/1.0.0'.
Downloading file 'S054/S054R10.edf' from 'https://physionet.org/files/eegmmidb/1.0.0/S054/S054R10.edf' to '/storage/home/hcoda1/3/cchen847/p-rs275-0/da_eeg/mDA/mne-data/MNE-eegbci-data/files/eegmmidb/1.0.0'.
Downloading file 'S054/S054R14.edf' from 'https://physionet.org/files/eegmmidb/1.0.0/S054/S054R14.edf' to '/storage/home/hcoda1/3/cchen847/p-rs275-0/da_eeg/mDA/mne-data/MNE-eegbci-data/files/eegmmidb/1.0.0'.
Downloading file 'S055/S055R06.edf' from 'https://physionet.org/files/eegmmidb/1.0.0/S055/S055R06.edf' to '/storage/home/hcoda1/3/cchen847/p-rs275-0/da_eeg/mDA/mne-data/MNE-eegbci-data/files/eegmmidb/1.0.0'.
Downloading file 'S055/S055R10.edf' from 'https://physionet.org/files/eegmmidb/1.0.0/S055/S055R10.edf' to '/storage/home/hcoda1/3/cchen847/p-rs275-0/da_eeg/mDA/mne-data/MNE-eegbci-data/files/eegmmidb/1.0.0'.
Downloading file 'S055/S055R14.edf' from 'https://physionet.org/files/eegmmidb/1.0.0/S055/S055R14.edf' to '/storage/home/hcoda1/3/cchen847/p-rs275-0/da_eeg/mDA/mne-data/MNE-eegbci-data/files/eegmmidb/1.0.0'.
Downloading file 'S056/S056R06.edf' from 'https://physionet.org/files/eegmmidb/1.0.0/S056/S056R06.edf' to '/storage/home/hcoda1/3/cchen847/p-rs275-0/da_eeg/mDA/mne-data/MNE-eegbci-data/files/eegmmidb/1.0.0'.
Downloading file 'S056/S056R10.edf' from 'https://physionet.org/files/eegmmidb/1.0.0/S056/S056R10.edf' to '/storage/home/hcoda1/3/cchen847/p-rs275-0/da_eeg/mDA/mne-data/MNE-eegbci-data/files/eegmmidb/1.0.0'.
Downloading file 'S056/S056R14.edf' from 'https://physionet.org/files/eegmmidb/1.0.0/S056/S056R14.edf' to '/storage/home/hcoda1/3/cchen847/p-rs275-0/da_eeg/mDA/mne-data/MNE-eegbci-data/files/eegmmidb/1.0.0'.
Downloading file 'S057/S057R06.edf' from 'https://physionet.org/files/eegmmidb/1.0.0/S057/S057R06.edf' to '/storage/home/hcoda1/3/cchen847/p-rs275-0/da_eeg/mDA/mne-data/MNE-eegbci-data/files/eegmmidb/1.0.0'.
Downloading file 'S057/S057R10.edf' from 'https://physionet.org/files/eegmmidb/1.0.0/S057/S057R10.edf' to '/storage/home/hcoda1/3/cchen847/p-rs275-0/da_eeg/mDA/mne-data/MNE-eegbci-data/files/eegmmidb/1.0.0'.
Downloading file 'S057/S057R14.edf' from 'https://physionet.org/files/eegmmidb/1.0.0/S057/S057R14.edf' to '/storage/home/hcoda1/3/cchen847/p-rs275-0/da_eeg/mDA/mne-data/MNE-eegbci-data/files/eegmmidb/1.0.0'.
Downloading file 'S058/S058R06.edf' from 'https://physionet.org/files/eegmmidb/1.0.0/S058/S058R06.edf' to '/storage/home/hcoda1/3/cchen847/p-rs275-0/da_eeg/mDA/mne-data/MNE-eegbci-data/files/eegmmidb/1.0.0'.
Downloading file 'S058/S058R10.edf' from 'https://physionet.org/files/eegmmidb/1.0.0/S058/S058R10.edf' to '/storage/home/hcoda1/3/cchen847/p-rs275-0/da_eeg/mDA/mne-data/MNE-eegbci-data/files/eegmmidb/1.0.0'.
Downloading file 'S058/S058R14.edf' from 'https://physionet.org/files/eegmmidb/1.0.0/S058/S058R14.edf' to '/storage/home/hcoda1/3/cchen847/p-rs275-0/da_eeg/mDA/mne-data/MNE-eegbci-data/files/eegmmidb/1.0.0'.
Downloading file 'S059/S059R06.edf' from 'https://physionet.org/files/eegmmidb/1.0.0/S059/S059R06.edf' to '/storage/home/hcoda1/3/cchen847/p-rs275-0/da_eeg/mDA/mne-data/MNE-eegbci-data/files/eegmmidb/1.0.0'.
Downloading file 'S059/S059R10.edf' from 'https://physionet.org/files/eegmmidb/1.0.0/S059/S059R10.edf' to '/storage/home/hcoda1/3/cchen847/p-rs275-0/da_eeg/mDA/mne-data/MNE-eegbci-data/files/eegmmidb/1.0.0'.
Downloading file 'S059/S059R14.edf' from 'https://physionet.org/files/eegmmidb/1.0.0/S059/S059R14.edf' to '/storage/home/hcoda1/3/cchen847/p-rs275-0/da_eeg/mDA/mne-data/MNE-eegbci-data/files/eegmmidb/1.0.0'.
Downloading file 'S060/S060R06.edf' from 'https://physionet.org/files/eegmmidb/1.0.0/S060/S060R06.edf' to '/storage/home/hcoda1/3/cchen847/p-rs275-0/da_eeg/mDA/mne-data/MNE-eegbci-data/files/eegmmidb/1.0.0'.
Downloading file 'S060/S060R10.edf' from 'https://physionet.org/files/eegmmidb/1.0.0/S060/S060R10.edf' to '/storage/home/hcoda1/3/cchen847/p-rs275-0/da_eeg/mDA/mne-data/MNE-eegbci-data/files/eegmmidb/1.0.0'.
Downloading file 'S060/S060R14.edf' from 'https://physionet.org/files/eegmmidb/1.0.0/S060/S060R14.edf' to '/storage/home/hcoda1/3/cchen847/p-rs275-0/da_eeg/mDA/mne-data/MNE-eegbci-data/files/eegmmidb/1.0.0'.
Downloading file 'S061/S061R06.edf' from 'https://physionet.org/files/eegmmidb/1.0.0/S061/S061R06.edf' to '/storage/home/hcoda1/3/cchen847/p-rs275-0/da_eeg/mDA/mne-data/MNE-eegbci-data/files/eegmmidb/1.0.0'.
Downloading file 'S061/S061R10.edf' from 'https://physionet.org/files/eegmmidb/1.0.0/S061/S061R10.edf' to '/storage/home/hcoda1/3/cchen847/p-rs275-0/da_eeg/mDA/mne-data/MNE-eegbci-data/files/eegmmidb/1.0.0'.
Downloading file 'S061/S061R14.edf' from 'https://physionet.org/files/eegmmidb/1.0.0/S061/S061R14.edf' to '/storage/home/hcoda1/3/cchen847/p-rs275-0/da_eeg/mDA/mne-data/MNE-eegbci-data/files/eegmmidb/1.0.0'.
Downloading file 'S062/S062R06.edf' from 'https://physionet.org/files/eegmmidb/1.0.0/S062/S062R06.edf' to '/storage/home/hcoda1/3/cchen847/p-rs275-0/da_eeg/mDA/mne-data/MNE-eegbci-data/files/eegmmidb/1.0.0'.
Downloading file 'S062/S062R10.edf' from 'https://physionet.org/files/eegmmidb/1.0.0/S062/S062R10.edf' to '/storage/home/hcoda1/3/cchen847/p-rs275-0/da_eeg/mDA/mne-data/MNE-eegbci-data/files/eegmmidb/1.0.0'.
Downloading file 'S062/S062R14.edf' from 'https://physionet.org/files/eegmmidb/1.0.0/S062/S062R14.edf' to '/storage/home/hcoda1/3/cchen847/p-rs275-0/da_eeg/mDA/mne-data/MNE-eegbci-data/files/eegmmidb/1.0.0'.
Downloading file 'S063/S063R06.edf' from 'https://physionet.org/files/eegmmidb/1.0.0/S063/S063R06.edf' to '/storage/home/hcoda1/3/cchen847/p-rs275-0/da_eeg/mDA/mne-data/MNE-eegbci-data/files/eegmmidb/1.0.0'.
Downloading file 'S063/S063R10.edf' from 'https://physionet.org/files/eegmmidb/1.0.0/S063/S063R10.edf' to '/storage/home/hcoda1/3/cchen847/p-rs275-0/da_eeg/mDA/mne-data/MNE-eegbci-data/files/eegmmidb/1.0.0'.
Downloading file 'S063/S063R14.edf' from 'https://physionet.org/files/eegmmidb/1.0.0/S063/S063R14.edf' to '/storage/home/hcoda1/3/cchen847/p-rs275-0/da_eeg/mDA/mne-data/MNE-eegbci-data/files/eegmmidb/1.0.0'.
Downloading file 'S064/S064R06.edf' from 'https://physionet.org/files/eegmmidb/1.0.0/S064/S064R06.edf' to '/storage/home/hcoda1/3/cchen847/p-rs275-0/da_eeg/mDA/mne-data/MNE-eegbci-data/files/eegmmidb/1.0.0'.
Downloading file 'S064/S064R10.edf' from 'https://physionet.org/files/eegmmidb/1.0.0/S064/S064R10.edf' to '/storage/home/hcoda1/3/cchen847/p-rs275-0/da_eeg/mDA/mne-data/MNE-eegbci-data/files/eegmmidb/1.0.0'.
Downloading file 'S064/S064R14.edf' from 'https://physionet.org/files/eegmmidb/1.0.0/S064/S064R14.edf' to '/storage/home/hcoda1/3/cchen847/p-rs275-0/da_eeg/mDA/mne-data/MNE-eegbci-data/files/eegmmidb/1.0.0'.
Downloading file 'S065/S065R06.edf' from 'https://physionet.org/files/eegmmidb/1.0.0/S065/S065R06.edf' to '/storage/home/hcoda1/3/cchen847/p-rs275-0/da_eeg/mDA/mne-data/MNE-eegbci-data/files/eegmmidb/1.0.0'.
Downloading file 'S065/S065R10.edf' from 'https://physionet.org/files/eegmmidb/1.0.0/S065/S065R10.edf' to '/storage/home/hcoda1/3/cchen847/p-rs275-0/da_eeg/mDA/mne-data/MNE-eegbci-data/files/eegmmidb/1.0.0'.
Downloading file 'S065/S065R14.edf' from 'https://physionet.org/files/eegmmidb/1.0.0/S065/S065R14.edf' to '/storage/home/hcoda1/3/cchen847/p-rs275-0/da_eeg/mDA/mne-data/MNE-eegbci-data/files/eegmmidb/1.0.0'.
Downloading file 'S066/S066R06.edf' from 'https://physionet.org/files/eegmmidb/1.0.0/S066/S066R06.edf' to '/storage/home/hcoda1/3/cchen847/p-rs275-0/da_eeg/mDA/mne-data/MNE-eegbci-data/files/eegmmidb/1.0.0'.
Downloading file 'S066/S066R10.edf' from 'https://physionet.org/files/eegmmidb/1.0.0/S066/S066R10.edf' to '/storage/home/hcoda1/3/cchen847/p-rs275-0/da_eeg/mDA/mne-data/MNE-eegbci-data/files/eegmmidb/1.0.0'.
Downloading file 'S066/S066R14.edf' from 'https://physionet.org/files/eegmmidb/1.0.0/S066/S066R14.edf' to '/storage/home/hcoda1/3/cchen847/p-rs275-0/da_eeg/mDA/mne-data/MNE-eegbci-data/files/eegmmidb/1.0.0'.
Downloading file 'S067/S067R06.edf' from 'https://physionet.org/files/eegmmidb/1.0.0/S067/S067R06.edf' to '/storage/home/hcoda1/3/cchen847/p-rs275-0/da_eeg/mDA/mne-data/MNE-eegbci-data/files/eegmmidb/1.0.0'.
Downloading file 'S067/S067R10.edf' from 'https://physionet.org/files/eegmmidb/1.0.0/S067/S067R10.edf' to '/storage/home/hcoda1/3/cchen847/p-rs275-0/da_eeg/mDA/mne-data/MNE-eegbci-data/files/eegmmidb/1.0.0'.
Downloading file 'S067/S067R14.edf' from 'https://physionet.org/files/eegmmidb/1.0.0/S067/S067R14.edf' to '/storage/home/hcoda1/3/cchen847/p-rs275-0/da_eeg/mDA/mne-data/MNE-eegbci-data/files/eegmmidb/1.0.0'.
Downloading file 'S068/S068R06.edf' from 'https://physionet.org/files/eegmmidb/1.0.0/S068/S068R06.edf' to '/storage/home/hcoda1/3/cchen847/p-rs275-0/da_eeg/mDA/mne-data/MNE-eegbci-data/files/eegmmidb/1.0.0'.
Downloading file 'S068/S068R10.edf' from 'https://physionet.org/files/eegmmidb/1.0.0/S068/S068R10.edf' to '/storage/home/hcoda1/3/cchen847/p-rs275-0/da_eeg/mDA/mne-data/MNE-eegbci-data/files/eegmmidb/1.0.0'.
Downloading file 'S068/S068R14.edf' from 'https://physionet.org/files/eegmmidb/1.0.0/S068/S068R14.edf' to '/storage/home/hcoda1/3/cchen847/p-rs275-0/da_eeg/mDA/mne-data/MNE-eegbci-data/files/eegmmidb/1.0.0'.
Downloading file 'S069/S069R06.edf' from 'https://physionet.org/files/eegmmidb/1.0.0/S069/S069R06.edf' to '/storage/home/hcoda1/3/cchen847/p-rs275-0/da_eeg/mDA/mne-data/MNE-eegbci-data/files/eegmmidb/1.0.0'.
Downloading file 'S069/S069R10.edf' from 'https://physionet.org/files/eegmmidb/1.0.0/S069/S069R10.edf' to '/storage/home/hcoda1/3/cchen847/p-rs275-0/da_eeg/mDA/mne-data/MNE-eegbci-data/files/eegmmidb/1.0.0'.
Downloading file 'S069/S069R14.edf' from 'https://physionet.org/files/eegmmidb/1.0.0/S069/S069R14.edf' to '/storage/home/hcoda1/3/cchen847/p-rs275-0/da_eeg/mDA/mne-data/MNE-eegbci-data/files/eegmmidb/1.0.0'.
Downloading file 'S070/S070R06.edf' from 'https://physionet.org/files/eegmmidb/1.0.0/S070/S070R06.edf' to '/storage/home/hcoda1/3/cchen847/p-rs275-0/da_eeg/mDA/mne-data/MNE-eegbci-data/files/eegmmidb/1.0.0'.
Downloading file 'S070/S070R10.edf' from 'https://physionet.org/files/eegmmidb/1.0.0/S070/S070R10.edf' to '/storage/home/hcoda1/3/cchen847/p-rs275-0/da_eeg/mDA/mne-data/MNE-eegbci-data/files/eegmmidb/1.0.0'.
Downloading file 'S070/S070R14.edf' from 'https://physionet.org/files/eegmmidb/1.0.0/S070/S070R14.edf' to '/storage/home/hcoda1/3/cchen847/p-rs275-0/da_eeg/mDA/mne-data/MNE-eegbci-data/files/eegmmidb/1.0.0'.
Downloading file 'S071/S071R06.edf' from 'https://physionet.org/files/eegmmidb/1.0.0/S071/S071R06.edf' to '/storage/home/hcoda1/3/cchen847/p-rs275-0/da_eeg/mDA/mne-data/MNE-eegbci-data/files/eegmmidb/1.0.0'.
Downloading file 'S071/S071R10.edf' from 'https://physionet.org/files/eegmmidb/1.0.0/S071/S071R10.edf' to '/storage/home/hcoda1/3/cchen847/p-rs275-0/da_eeg/mDA/mne-data/MNE-eegbci-data/files/eegmmidb/1.0.0'.
Downloading file 'S071/S071R14.edf' from 'https://physionet.org/files/eegmmidb/1.0.0/S071/S071R14.edf' to '/storage/home/hcoda1/3/cchen847/p-rs275-0/da_eeg/mDA/mne-data/MNE-eegbci-data/files/eegmmidb/1.0.0'.
Downloading file 'S072/S072R06.edf' from 'https://physionet.org/files/eegmmidb/1.0.0/S072/S072R06.edf' to '/storage/home/hcoda1/3/cchen847/p-rs275-0/da_eeg/mDA/mne-data/MNE-eegbci-data/files/eegmmidb/1.0.0'.
Downloading file 'S072/S072R10.edf' from 'https://physionet.org/files/eegmmidb/1.0.0/S072/S072R10.edf' to '/storage/home/hcoda1/3/cchen847/p-rs275-0/da_eeg/mDA/mne-data/MNE-eegbci-data/files/eegmmidb/1.0.0'.
Downloading file 'S072/S072R14.edf' from 'https://physionet.org/files/eegmmidb/1.0.0/S072/S072R14.edf' to '/storage/home/hcoda1/3/cchen847/p-rs275-0/da_eeg/mDA/mne-data/MNE-eegbci-data/files/eegmmidb/1.0.0'.
Downloading file 'S073/S073R06.edf' from 'https://physionet.org/files/eegmmidb/1.0.0/S073/S073R06.edf' to '/storage/home/hcoda1/3/cchen847/p-rs275-0/da_eeg/mDA/mne-data/MNE-eegbci-data/files/eegmmidb/1.0.0'.
Downloading file 'S073/S073R10.edf' from 'https://physionet.org/files/eegmmidb/1.0.0/S073/S073R10.edf' to '/storage/home/hcoda1/3/cchen847/p-rs275-0/da_eeg/mDA/mne-data/MNE-eegbci-data/files/eegmmidb/1.0.0'.
Downloading file 'S073/S073R14.edf' from 'https://physionet.org/files/eegmmidb/1.0.0/S073/S073R14.edf' to '/storage/home/hcoda1/3/cchen847/p-rs275-0/da_eeg/mDA/mne-data/MNE-eegbci-data/files/eegmmidb/1.0.0'.
Downloading file 'S074/S074R06.edf' from 'https://physionet.org/files/eegmmidb/1.0.0/S074/S074R06.edf' to '/storage/home/hcoda1/3/cchen847/p-rs275-0/da_eeg/mDA/mne-data/MNE-eegbci-data/files/eegmmidb/1.0.0'.
Downloading file 'S074/S074R10.edf' from 'https://physionet.org/files/eegmmidb/1.0.0/S074/S074R10.edf' to '/storage/home/hcoda1/3/cchen847/p-rs275-0/da_eeg/mDA/mne-data/MNE-eegbci-data/files/eegmmidb/1.0.0'.
Downloading file 'S074/S074R14.edf' from 'https://physionet.org/files/eegmmidb/1.0.0/S074/S074R14.edf' to '/storage/home/hcoda1/3/cchen847/p-rs275-0/da_eeg/mDA/mne-data/MNE-eegbci-data/files/eegmmidb/1.0.0'.
Downloading file 'S075/S075R06.edf' from 'https://physionet.org/files/eegmmidb/1.0.0/S075/S075R06.edf' to '/storage/home/hcoda1/3/cchen847/p-rs275-0/da_eeg/mDA/mne-data/MNE-eegbci-data/files/eegmmidb/1.0.0'.
Downloading file 'S075/S075R10.edf' from 'https://physionet.org/files/eegmmidb/1.0.0/S075/S075R10.edf' to '/storage/home/hcoda1/3/cchen847/p-rs275-0/da_eeg/mDA/mne-data/MNE-eegbci-data/files/eegmmidb/1.0.0'.
Downloading file 'S075/S075R14.edf' from 'https://physionet.org/files/eegmmidb/1.0.0/S075/S075R14.edf' to '/storage/home/hcoda1/3/cchen847/p-rs275-0/da_eeg/mDA/mne-data/MNE-eegbci-data/files/eegmmidb/1.0.0'.
Downloading file 'S076/S076R06.edf' from 'https://physionet.org/files/eegmmidb/1.0.0/S076/S076R06.edf' to '/storage/home/hcoda1/3/cchen847/p-rs275-0/da_eeg/mDA/mne-data/MNE-eegbci-data/files/eegmmidb/1.0.0'.
Downloading file 'S076/S076R10.edf' from 'https://physionet.org/files/eegmmidb/1.0.0/S076/S076R10.edf' to '/storage/home/hcoda1/3/cchen847/p-rs275-0/da_eeg/mDA/mne-data/MNE-eegbci-data/files/eegmmidb/1.0.0'.
Downloading file 'S076/S076R14.edf' from 'https://physionet.org/files/eegmmidb/1.0.0/S076/S076R14.edf' to '/storage/home/hcoda1/3/cchen847/p-rs275-0/da_eeg/mDA/mne-data/MNE-eegbci-data/files/eegmmidb/1.0.0'.
Downloading file 'S077/S077R06.edf' from 'https://physionet.org/files/eegmmidb/1.0.0/S077/S077R06.edf' to '/storage/home/hcoda1/3/cchen847/p-rs275-0/da_eeg/mDA/mne-data/MNE-eegbci-data/files/eegmmidb/1.0.0'.
Downloading file 'S077/S077R10.edf' from 'https://physionet.org/files/eegmmidb/1.0.0/S077/S077R10.edf' to '/storage/home/hcoda1/3/cchen847/p-rs275-0/da_eeg/mDA/mne-data/MNE-eegbci-data/files/eegmmidb/1.0.0'.
Downloading file 'S077/S077R14.edf' from 'https://physionet.org/files/eegmmidb/1.0.0/S077/S077R14.edf' to '/storage/home/hcoda1/3/cchen847/p-rs275-0/da_eeg/mDA/mne-data/MNE-eegbci-data/files/eegmmidb/1.0.0'.
Downloading file 'S078/S078R06.edf' from 'https://physionet.org/files/eegmmidb/1.0.0/S078/S078R06.edf' to '/storage/home/hcoda1/3/cchen847/p-rs275-0/da_eeg/mDA/mne-data/MNE-eegbci-data/files/eegmmidb/1.0.0'.
Downloading file 'S078/S078R10.edf' from 'https://physionet.org/files/eegmmidb/1.0.0/S078/S078R10.edf' to '/storage/home/hcoda1/3/cchen847/p-rs275-0/da_eeg/mDA/mne-data/MNE-eegbci-data/files/eegmmidb/1.0.0'.
Downloading file 'S078/S078R14.edf' from 'https://physionet.org/files/eegmmidb/1.0.0/S078/S078R14.edf' to '/storage/home/hcoda1/3/cchen847/p-rs275-0/da_eeg/mDA/mne-data/MNE-eegbci-data/files/eegmmidb/1.0.0'.
Downloading file 'S079/S079R06.edf' from 'https://physionet.org/files/eegmmidb/1.0.0/S079/S079R06.edf' to '/storage/home/hcoda1/3/cchen847/p-rs275-0/da_eeg/mDA/mne-data/MNE-eegbci-data/files/eegmmidb/1.0.0'.
Downloading file 'S079/S079R10.edf' from 'https://physionet.org/files/eegmmidb/1.0.0/S079/S079R10.edf' to '/storage/home/hcoda1/3/cchen847/p-rs275-0/da_eeg/mDA/mne-data/MNE-eegbci-data/files/eegmmidb/1.0.0'.
Downloading file 'S079/S079R14.edf' from 'https://physionet.org/files/eegmmidb/1.0.0/S079/S079R14.edf' to '/storage/home/hcoda1/3/cchen847/p-rs275-0/da_eeg/mDA/mne-data/MNE-eegbci-data/files/eegmmidb/1.0.0'.
Downloading file 'S080/S080R06.edf' from 'https://physionet.org/files/eegmmidb/1.0.0/S080/S080R06.edf' to '/storage/home/hcoda1/3/cchen847/p-rs275-0/da_eeg/mDA/mne-data/MNE-eegbci-data/files/eegmmidb/1.0.0'.
Downloading file 'S080/S080R10.edf' from 'https://physionet.org/files/eegmmidb/1.0.0/S080/S080R10.edf' to '/storage/home/hcoda1/3/cchen847/p-rs275-0/da_eeg/mDA/mne-data/MNE-eegbci-data/files/eegmmidb/1.0.0'.
Downloading file 'S080/S080R14.edf' from 'https://physionet.org/files/eegmmidb/1.0.0/S080/S080R14.edf' to '/storage/home/hcoda1/3/cchen847/p-rs275-0/da_eeg/mDA/mne-data/MNE-eegbci-data/files/eegmmidb/1.0.0'.
Downloading file 'S081/S081R06.edf' from 'https://physionet.org/files/eegmmidb/1.0.0/S081/S081R06.edf' to '/storage/home/hcoda1/3/cchen847/p-rs275-0/da_eeg/mDA/mne-data/MNE-eegbci-data/files/eegmmidb/1.0.0'.
Downloading file 'S081/S081R10.edf' from 'https://physionet.org/files/eegmmidb/1.0.0/S081/S081R10.edf' to '/storage/home/hcoda1/3/cchen847/p-rs275-0/da_eeg/mDA/mne-data/MNE-eegbci-data/files/eegmmidb/1.0.0'.
Downloading file 'S081/S081R14.edf' from 'https://physionet.org/files/eegmmidb/1.0.0/S081/S081R14.edf' to '/storage/home/hcoda1/3/cchen847/p-rs275-0/da_eeg/mDA/mne-data/MNE-eegbci-data/files/eegmmidb/1.0.0'.
Downloading file 'S082/S082R06.edf' from 'https://physionet.org/files/eegmmidb/1.0.0/S082/S082R06.edf' to '/storage/home/hcoda1/3/cchen847/p-rs275-0/da_eeg/mDA/mne-data/MNE-eegbci-data/files/eegmmidb/1.0.0'.
Downloading file 'S082/S082R10.edf' from 'https://physionet.org/files/eegmmidb/1.0.0/S082/S082R10.edf' to '/storage/home/hcoda1/3/cchen847/p-rs275-0/da_eeg/mDA/mne-data/MNE-eegbci-data/files/eegmmidb/1.0.0'.
Downloading file 'S082/S082R14.edf' from 'https://physionet.org/files/eegmmidb/1.0.0/S082/S082R14.edf' to '/storage/home/hcoda1/3/cchen847/p-rs275-0/da_eeg/mDA/mne-data/MNE-eegbci-data/files/eegmmidb/1.0.0'.
Downloading file 'S083/S083R06.edf' from 'https://physionet.org/files/eegmmidb/1.0.0/S083/S083R06.edf' to '/storage/home/hcoda1/3/cchen847/p-rs275-0/da_eeg/mDA/mne-data/MNE-eegbci-data/files/eegmmidb/1.0.0'.
Downloading file 'S083/S083R10.edf' from 'https://physionet.org/files/eegmmidb/1.0.0/S083/S083R10.edf' to '/storage/home/hcoda1/3/cchen847/p-rs275-0/da_eeg/mDA/mne-data/MNE-eegbci-data/files/eegmmidb/1.0.0'.
Downloading file 'S083/S083R14.edf' from 'https://physionet.org/files/eegmmidb/1.0.0/S083/S083R14.edf' to '/storage/home/hcoda1/3/cchen847/p-rs275-0/da_eeg/mDA/mne-data/MNE-eegbci-data/files/eegmmidb/1.0.0'.
Downloading file 'S084/S084R06.edf' from 'https://physionet.org/files/eegmmidb/1.0.0/S084/S084R06.edf' to '/storage/home/hcoda1/3/cchen847/p-rs275-0/da_eeg/mDA/mne-data/MNE-eegbci-data/files/eegmmidb/1.0.0'.
Downloading file 'S084/S084R10.edf' from 'https://physionet.org/files/eegmmidb/1.0.0/S084/S084R10.edf' to '/storage/home/hcoda1/3/cchen847/p-rs275-0/da_eeg/mDA/mne-data/MNE-eegbci-data/files/eegmmidb/1.0.0'.
Downloading file 'S084/S084R14.edf' from 'https://physionet.org/files/eegmmidb/1.0.0/S084/S084R14.edf' to '/storage/home/hcoda1/3/cchen847/p-rs275-0/da_eeg/mDA/mne-data/MNE-eegbci-data/files/eegmmidb/1.0.0'.
Downloading file 'S085/S085R06.edf' from 'https://physionet.org/files/eegmmidb/1.0.0/S085/S085R06.edf' to '/storage/home/hcoda1/3/cchen847/p-rs275-0/da_eeg/mDA/mne-data/MNE-eegbci-data/files/eegmmidb/1.0.0'.
Downloading file 'S085/S085R10.edf' from 'https://physionet.org/files/eegmmidb/1.0.0/S085/S085R10.edf' to '/storage/home/hcoda1/3/cchen847/p-rs275-0/da_eeg/mDA/mne-data/MNE-eegbci-data/files/eegmmidb/1.0.0'.
Downloading file 'S085/S085R14.edf' from 'https://physionet.org/files/eegmmidb/1.0.0/S085/S085R14.edf' to '/storage/home/hcoda1/3/cchen847/p-rs275-0/da_eeg/mDA/mne-data/MNE-eegbci-data/files/eegmmidb/1.0.0'.
Downloading file 'S086/S086R06.edf' from 'https://physionet.org/files/eegmmidb/1.0.0/S086/S086R06.edf' to '/storage/home/hcoda1/3/cchen847/p-rs275-0/da_eeg/mDA/mne-data/MNE-eegbci-data/files/eegmmidb/1.0.0'.
Downloading file 'S086/S086R10.edf' from 'https://physionet.org/files/eegmmidb/1.0.0/S086/S086R10.edf' to '/storage/home/hcoda1/3/cchen847/p-rs275-0/da_eeg/mDA/mne-data/MNE-eegbci-data/files/eegmmidb/1.0.0'.
Downloading file 'S086/S086R14.edf' from 'https://physionet.org/files/eegmmidb/1.0.0/S086/S086R14.edf' to '/storage/home/hcoda1/3/cchen847/p-rs275-0/da_eeg/mDA/mne-data/MNE-eegbci-data/files/eegmmidb/1.0.0'.
Downloading file 'S087/S087R06.edf' from 'https://physionet.org/files/eegmmidb/1.0.0/S087/S087R06.edf' to '/storage/home/hcoda1/3/cchen847/p-rs275-0/da_eeg/mDA/mne-data/MNE-eegbci-data/files/eegmmidb/1.0.0'.
Downloading file 'S087/S087R10.edf' from 'https://physionet.org/files/eegmmidb/1.0.0/S087/S087R10.edf' to '/storage/home/hcoda1/3/cchen847/p-rs275-0/da_eeg/mDA/mne-data/MNE-eegbci-data/files/eegmmidb/1.0.0'.
Downloading file 'S087/S087R14.edf' from 'https://physionet.org/files/eegmmidb/1.0.0/S087/S087R14.edf' to '/storage/home/hcoda1/3/cchen847/p-rs275-0/da_eeg/mDA/mne-data/MNE-eegbci-data/files/eegmmidb/1.0.0'.
Downloading file 'S088/S088R06.edf' from 'https://physionet.org/files/eegmmidb/1.0.0/S088/S088R06.edf' to '/storage/home/hcoda1/3/cchen847/p-rs275-0/da_eeg/mDA/mne-data/MNE-eegbci-data/files/eegmmidb/1.0.0'.
Downloading file 'S088/S088R10.edf' from 'https://physionet.org/files/eegmmidb/1.0.0/S088/S088R10.edf' to '/storage/home/hcoda1/3/cchen847/p-rs275-0/da_eeg/mDA/mne-data/MNE-eegbci-data/files/eegmmidb/1.0.0'.
Downloading file 'S088/S088R14.edf' from 'https://physionet.org/files/eegmmidb/1.0.0/S088/S088R14.edf' to '/storage/home/hcoda1/3/cchen847/p-rs275-0/da_eeg/mDA/mne-data/MNE-eegbci-data/files/eegmmidb/1.0.0'.
Downloading file 'S089/S089R06.edf' from 'https://physionet.org/files/eegmmidb/1.0.0/S089/S089R06.edf' to '/storage/home/hcoda1/3/cchen847/p-rs275-0/da_eeg/mDA/mne-data/MNE-eegbci-data/files/eegmmidb/1.0.0'.
Downloading file 'S089/S089R10.edf' from 'https://physionet.org/files/eegmmidb/1.0.0/S089/S089R10.edf' to '/storage/home/hcoda1/3/cchen847/p-rs275-0/da_eeg/mDA/mne-data/MNE-eegbci-data/files/eegmmidb/1.0.0'.
Downloading file 'S089/S089R14.edf' from 'https://physionet.org/files/eegmmidb/1.0.0/S089/S089R14.edf' to '/storage/home/hcoda1/3/cchen847/p-rs275-0/da_eeg/mDA/mne-data/MNE-eegbci-data/files/eegmmidb/1.0.0'.
Downloading file 'S090/S090R06.edf' from 'https://physionet.org/files/eegmmidb/1.0.0/S090/S090R06.edf' to '/storage/home/hcoda1/3/cchen847/p-rs275-0/da_eeg/mDA/mne-data/MNE-eegbci-data/files/eegmmidb/1.0.0'.
Downloading file 'S090/S090R10.edf' from 'https://physionet.org/files/eegmmidb/1.0.0/S090/S090R10.edf' to '/storage/home/hcoda1/3/cchen847/p-rs275-0/da_eeg/mDA/mne-data/MNE-eegbci-data/files/eegmmidb/1.0.0'.
Downloading file 'S090/S090R14.edf' from 'https://physionet.org/files/eegmmidb/1.0.0/S090/S090R14.edf' to '/storage/home/hcoda1/3/cchen847/p-rs275-0/da_eeg/mDA/mne-data/MNE-eegbci-data/files/eegmmidb/1.0.0'.
Downloading file 'S091/S091R06.edf' from 'https://physionet.org/files/eegmmidb/1.0.0/S091/S091R06.edf' to '/storage/home/hcoda1/3/cchen847/p-rs275-0/da_eeg/mDA/mne-data/MNE-eegbci-data/files/eegmmidb/1.0.0'.
Downloading file 'S091/S091R10.edf' from 'https://physionet.org/files/eegmmidb/1.0.0/S091/S091R10.edf' to '/storage/home/hcoda1/3/cchen847/p-rs275-0/da_eeg/mDA/mne-data/MNE-eegbci-data/files/eegmmidb/1.0.0'.
Downloading file 'S091/S091R14.edf' from 'https://physionet.org/files/eegmmidb/1.0.0/S091/S091R14.edf' to '/storage/home/hcoda1/3/cchen847/p-rs275-0/da_eeg/mDA/mne-data/MNE-eegbci-data/files/eegmmidb/1.0.0'.
Downloading file 'S092/S092R06.edf' from 'https://physionet.org/files/eegmmidb/1.0.0/S092/S092R06.edf' to '/storage/home/hcoda1/3/cchen847/p-rs275-0/da_eeg/mDA/mne-data/MNE-eegbci-data/files/eegmmidb/1.0.0'.
Downloading file 'S092/S092R10.edf' from 'https://physionet.org/files/eegmmidb/1.0.0/S092/S092R10.edf' to '/storage/home/hcoda1/3/cchen847/p-rs275-0/da_eeg/mDA/mne-data/MNE-eegbci-data/files/eegmmidb/1.0.0'.
Downloading file 'S092/S092R14.edf' from 'https://physionet.org/files/eegmmidb/1.0.0/S092/S092R14.edf' to '/storage/home/hcoda1/3/cchen847/p-rs275-0/da_eeg/mDA/mne-data/MNE-eegbci-data/files/eegmmidb/1.0.0'.
Downloading file 'S093/S093R06.edf' from 'https://physionet.org/files/eegmmidb/1.0.0/S093/S093R06.edf' to '/storage/home/hcoda1/3/cchen847/p-rs275-0/da_eeg/mDA/mne-data/MNE-eegbci-data/files/eegmmidb/1.0.0'.
Downloading file 'S093/S093R10.edf' from 'https://physionet.org/files/eegmmidb/1.0.0/S093/S093R10.edf' to '/storage/home/hcoda1/3/cchen847/p-rs275-0/da_eeg/mDA/mne-data/MNE-eegbci-data/files/eegmmidb/1.0.0'.
Downloading file 'S093/S093R14.edf' from 'https://physionet.org/files/eegmmidb/1.0.0/S093/S093R14.edf' to '/storage/home/hcoda1/3/cchen847/p-rs275-0/da_eeg/mDA/mne-data/MNE-eegbci-data/files/eegmmidb/1.0.0'.
Downloading file 'S094/S094R06.edf' from 'https://physionet.org/files/eegmmidb/1.0.0/S094/S094R06.edf' to '/storage/home/hcoda1/3/cchen847/p-rs275-0/da_eeg/mDA/mne-data/MNE-eegbci-data/files/eegmmidb/1.0.0'.
Downloading file 'S094/S094R10.edf' from 'https://physionet.org/files/eegmmidb/1.0.0/S094/S094R10.edf' to '/storage/home/hcoda1/3/cchen847/p-rs275-0/da_eeg/mDA/mne-data/MNE-eegbci-data/files/eegmmidb/1.0.0'.
Downloading file 'S094/S094R14.edf' from 'https://physionet.org/files/eegmmidb/1.0.0/S094/S094R14.edf' to '/storage/home/hcoda1/3/cchen847/p-rs275-0/da_eeg/mDA/mne-data/MNE-eegbci-data/files/eegmmidb/1.0.0'.
Downloading file 'S095/S095R06.edf' from 'https://physionet.org/files/eegmmidb/1.0.0/S095/S095R06.edf' to '/storage/home/hcoda1/3/cchen847/p-rs275-0/da_eeg/mDA/mne-data/MNE-eegbci-data/files/eegmmidb/1.0.0'.
Downloading file 'S095/S095R10.edf' from 'https://physionet.org/files/eegmmidb/1.0.0/S095/S095R10.edf' to '/storage/home/hcoda1/3/cchen847/p-rs275-0/da_eeg/mDA/mne-data/MNE-eegbci-data/files/eegmmidb/1.0.0'.
Downloading file 'S095/S095R14.edf' from 'https://physionet.org/files/eegmmidb/1.0.0/S095/S095R14.edf' to '/storage/home/hcoda1/3/cchen847/p-rs275-0/da_eeg/mDA/mne-data/MNE-eegbci-data/files/eegmmidb/1.0.0'.
Downloading file 'S096/S096R06.edf' from 'https://physionet.org/files/eegmmidb/1.0.0/S096/S096R06.edf' to '/storage/home/hcoda1/3/cchen847/p-rs275-0/da_eeg/mDA/mne-data/MNE-eegbci-data/files/eegmmidb/1.0.0'.
Downloading file 'S096/S096R10.edf' from 'https://physionet.org/files/eegmmidb/1.0.0/S096/S096R10.edf' to '/storage/home/hcoda1/3/cchen847/p-rs275-0/da_eeg/mDA/mne-data/MNE-eegbci-data/files/eegmmidb/1.0.0'.
Downloading file 'S096/S096R14.edf' from 'https://physionet.org/files/eegmmidb/1.0.0/S096/S096R14.edf' to '/storage/home/hcoda1/3/cchen847/p-rs275-0/da_eeg/mDA/mne-data/MNE-eegbci-data/files/eegmmidb/1.0.0'.
Downloading file 'S097/S097R06.edf' from 'https://physionet.org/files/eegmmidb/1.0.0/S097/S097R06.edf' to '/storage/home/hcoda1/3/cchen847/p-rs275-0/da_eeg/mDA/mne-data/MNE-eegbci-data/files/eegmmidb/1.0.0'.
Downloading file 'S097/S097R10.edf' from 'https://physionet.org/files/eegmmidb/1.0.0/S097/S097R10.edf' to '/storage/home/hcoda1/3/cchen847/p-rs275-0/da_eeg/mDA/mne-data/MNE-eegbci-data/files/eegmmidb/1.0.0'.
Downloading file 'S097/S097R14.edf' from 'https://physionet.org/files/eegmmidb/1.0.0/S097/S097R14.edf' to '/storage/home/hcoda1/3/cchen847/p-rs275-0/da_eeg/mDA/mne-data/MNE-eegbci-data/files/eegmmidb/1.0.0'.
Downloading file 'S098/S098R06.edf' from 'https://physionet.org/files/eegmmidb/1.0.0/S098/S098R06.edf' to '/storage/home/hcoda1/3/cchen847/p-rs275-0/da_eeg/mDA/mne-data/MNE-eegbci-data/files/eegmmidb/1.0.0'.
Downloading file 'S098/S098R10.edf' from 'https://physionet.org/files/eegmmidb/1.0.0/S098/S098R10.edf' to '/storage/home/hcoda1/3/cchen847/p-rs275-0/da_eeg/mDA/mne-data/MNE-eegbci-data/files/eegmmidb/1.0.0'.
Downloading file 'S098/S098R14.edf' from 'https://physionet.org/files/eegmmidb/1.0.0/S098/S098R14.edf' to '/storage/home/hcoda1/3/cchen847/p-rs275-0/da_eeg/mDA/mne-data/MNE-eegbci-data/files/eegmmidb/1.0.0'.
Downloading file 'S099/S099R06.edf' from 'https://physionet.org/files/eegmmidb/1.0.0/S099/S099R06.edf' to '/storage/home/hcoda1/3/cchen847/p-rs275-0/da_eeg/mDA/mne-data/MNE-eegbci-data/files/eegmmidb/1.0.0'.
Downloading file 'S099/S099R10.edf' from 'https://physionet.org/files/eegmmidb/1.0.0/S099/S099R10.edf' to '/storage/home/hcoda1/3/cchen847/p-rs275-0/da_eeg/mDA/mne-data/MNE-eegbci-data/files/eegmmidb/1.0.0'.
Downloading file 'S099/S099R14.edf' from 'https://physionet.org/files/eegmmidb/1.0.0/S099/S099R14.edf' to '/storage/home/hcoda1/3/cchen847/p-rs275-0/da_eeg/mDA/mne-data/MNE-eegbci-data/files/eegmmidb/1.0.0'.
Downloading file 'S100/S100R06.edf' from 'https://physionet.org/files/eegmmidb/1.0.0/S100/S100R06.edf' to '/storage/home/hcoda1/3/cchen847/p-rs275-0/da_eeg/mDA/mne-data/MNE-eegbci-data/files/eegmmidb/1.0.0'.
Downloading file 'S100/S100R10.edf' from 'https://physionet.org/files/eegmmidb/1.0.0/S100/S100R10.edf' to '/storage/home/hcoda1/3/cchen847/p-rs275-0/da_eeg/mDA/mne-data/MNE-eegbci-data/files/eegmmidb/1.0.0'.
Downloading file 'S100/S100R14.edf' from 'https://physionet.org/files/eegmmidb/1.0.0/S100/S100R14.edf' to '/storage/home/hcoda1/3/cchen847/p-rs275-0/da_eeg/mDA/mne-data/MNE-eegbci-data/files/eegmmidb/1.0.0'.
/storage/coda1/p-rs275/0/cchen847/da_eeg/mDA/Notebook/mDA_Physionet_hands_feet_MI.py:202: RuntimeWarning: Limited 1 annotation(s) that were expanding outside the data range.
  read_raw_edf(f, preload=True) for f in eegbci.load_data(subject, sessions, path=args.download_path, update_path=True)
/storage/coda1/p-rs275/0/cchen847/da_eeg/mDA/Notebook/mDA_Physionet_hands_feet_MI.py:202: RuntimeWarning: Limited 1 annotation(s) that were expanding outside the data range.
  read_raw_edf(f, preload=True) for f in eegbci.load_data(subject, sessions, path=args.download_path, update_path=True)
/storage/coda1/p-rs275/0/cchen847/da_eeg/mDA/Notebook/mDA_Physionet_hands_feet_MI.py:202: RuntimeWarning: Limited 1 annotation(s) that were expanding outside the data range.
  read_raw_edf(f, preload=True) for f in eegbci.load_data(subject, sessions, path=args.download_path, update_path=True)
Downloading file 'S101/S101R06.edf' from 'https://physionet.org/files/eegmmidb/1.0.0/S101/S101R06.edf' to '/storage/home/hcoda1/3/cchen847/p-rs275-0/da_eeg/mDA/mne-data/MNE-eegbci-data/files/eegmmidb/1.0.0'.
Downloading file 'S101/S101R10.edf' from 'https://physionet.org/files/eegmmidb/1.0.0/S101/S101R10.edf' to '/storage/home/hcoda1/3/cchen847/p-rs275-0/da_eeg/mDA/mne-data/MNE-eegbci-data/files/eegmmidb/1.0.0'.
Downloading file 'S101/S101R14.edf' from 'https://physionet.org/files/eegmmidb/1.0.0/S101/S101R14.edf' to '/storage/home/hcoda1/3/cchen847/p-rs275-0/da_eeg/mDA/mne-data/MNE-eegbci-data/files/eegmmidb/1.0.0'.
Downloading file 'S102/S102R06.edf' from 'https://physionet.org/files/eegmmidb/1.0.0/S102/S102R06.edf' to '/storage/home/hcoda1/3/cchen847/p-rs275-0/da_eeg/mDA/mne-data/MNE-eegbci-data/files/eegmmidb/1.0.0'.
Downloading file 'S102/S102R10.edf' from 'https://physionet.org/files/eegmmidb/1.0.0/S102/S102R10.edf' to '/storage/home/hcoda1/3/cchen847/p-rs275-0/da_eeg/mDA/mne-data/MNE-eegbci-data/files/eegmmidb/1.0.0'.
Downloading file 'S102/S102R14.edf' from 'https://physionet.org/files/eegmmidb/1.0.0/S102/S102R14.edf' to '/storage/home/hcoda1/3/cchen847/p-rs275-0/da_eeg/mDA/mne-data/MNE-eegbci-data/files/eegmmidb/1.0.0'.
Downloading file 'S103/S103R06.edf' from 'https://physionet.org/files/eegmmidb/1.0.0/S103/S103R06.edf' to '/storage/home/hcoda1/3/cchen847/p-rs275-0/da_eeg/mDA/mne-data/MNE-eegbci-data/files/eegmmidb/1.0.0'.
Downloading file 'S103/S103R10.edf' from 'https://physionet.org/files/eegmmidb/1.0.0/S103/S103R10.edf' to '/storage/home/hcoda1/3/cchen847/p-rs275-0/da_eeg/mDA/mne-data/MNE-eegbci-data/files/eegmmidb/1.0.0'.
Downloading file 'S103/S103R14.edf' from 'https://physionet.org/files/eegmmidb/1.0.0/S103/S103R14.edf' to '/storage/home/hcoda1/3/cchen847/p-rs275-0/da_eeg/mDA/mne-data/MNE-eegbci-data/files/eegmmidb/1.0.0'.
Downloading file 'S104/S104R06.edf' from 'https://physionet.org/files/eegmmidb/1.0.0/S104/S104R06.edf' to '/storage/home/hcoda1/3/cchen847/p-rs275-0/da_eeg/mDA/mne-data/MNE-eegbci-data/files/eegmmidb/1.0.0'.
Downloading file 'S104/S104R10.edf' from 'https://physionet.org/files/eegmmidb/1.0.0/S104/S104R10.edf' to '/storage/home/hcoda1/3/cchen847/p-rs275-0/da_eeg/mDA/mne-data/MNE-eegbci-data/files/eegmmidb/1.0.0'.
Downloading file 'S104/S104R14.edf' from 'https://physionet.org/files/eegmmidb/1.0.0/S104/S104R14.edf' to '/storage/home/hcoda1/3/cchen847/p-rs275-0/da_eeg/mDA/mne-data/MNE-eegbci-data/files/eegmmidb/1.0.0'.
Downloading file 'S105/S105R06.edf' from 'https://physionet.org/files/eegmmidb/1.0.0/S105/S105R06.edf' to '/storage/home/hcoda1/3/cchen847/p-rs275-0/da_eeg/mDA/mne-data/MNE-eegbci-data/files/eegmmidb/1.0.0'.
Downloading file 'S105/S105R10.edf' from 'https://physionet.org/files/eegmmidb/1.0.0/S105/S105R10.edf' to '/storage/home/hcoda1/3/cchen847/p-rs275-0/da_eeg/mDA/mne-data/MNE-eegbci-data/files/eegmmidb/1.0.0'.
Downloading file 'S105/S105R14.edf' from 'https://physionet.org/files/eegmmidb/1.0.0/S105/S105R14.edf' to '/storage/home/hcoda1/3/cchen847/p-rs275-0/da_eeg/mDA/mne-data/MNE-eegbci-data/files/eegmmidb/1.0.0'.
Downloading file 'S106/S106R06.edf' from 'https://physionet.org/files/eegmmidb/1.0.0/S106/S106R06.edf' to '/storage/home/hcoda1/3/cchen847/p-rs275-0/da_eeg/mDA/mne-data/MNE-eegbci-data/files/eegmmidb/1.0.0'.
Downloading file 'S106/S106R10.edf' from 'https://physionet.org/files/eegmmidb/1.0.0/S106/S106R10.edf' to '/storage/home/hcoda1/3/cchen847/p-rs275-0/da_eeg/mDA/mne-data/MNE-eegbci-data/files/eegmmidb/1.0.0'.
Downloading file 'S106/S106R14.edf' from 'https://physionet.org/files/eegmmidb/1.0.0/S106/S106R14.edf' to '/storage/home/hcoda1/3/cchen847/p-rs275-0/da_eeg/mDA/mne-data/MNE-eegbci-data/files/eegmmidb/1.0.0'.
Downloading file 'S107/S107R06.edf' from 'https://physionet.org/files/eegmmidb/1.0.0/S107/S107R06.edf' to '/storage/home/hcoda1/3/cchen847/p-rs275-0/da_eeg/mDA/mne-data/MNE-eegbci-data/files/eegmmidb/1.0.0'.
Downloading file 'S107/S107R10.edf' from 'https://physionet.org/files/eegmmidb/1.0.0/S107/S107R10.edf' to '/storage/home/hcoda1/3/cchen847/p-rs275-0/da_eeg/mDA/mne-data/MNE-eegbci-data/files/eegmmidb/1.0.0'.
Downloading file 'S107/S107R14.edf' from 'https://physionet.org/files/eegmmidb/1.0.0/S107/S107R14.edf' to '/storage/home/hcoda1/3/cchen847/p-rs275-0/da_eeg/mDA/mne-data/MNE-eegbci-data/files/eegmmidb/1.0.0'.
Downloading file 'S108/S108R06.edf' from 'https://physionet.org/files/eegmmidb/1.0.0/S108/S108R06.edf' to '/storage/home/hcoda1/3/cchen847/p-rs275-0/da_eeg/mDA/mne-data/MNE-eegbci-data/files/eegmmidb/1.0.0'.
Downloading file 'S108/S108R10.edf' from 'https://physionet.org/files/eegmmidb/1.0.0/S108/S108R10.edf' to '/storage/home/hcoda1/3/cchen847/p-rs275-0/da_eeg/mDA/mne-data/MNE-eegbci-data/files/eegmmidb/1.0.0'.
Downloading file 'S108/S108R14.edf' from 'https://physionet.org/files/eegmmidb/1.0.0/S108/S108R14.edf' to '/storage/home/hcoda1/3/cchen847/p-rs275-0/da_eeg/mDA/mne-data/MNE-eegbci-data/files/eegmmidb/1.0.0'.
Downloading file 'S109/S109R06.edf' from 'https://physionet.org/files/eegmmidb/1.0.0/S109/S109R06.edf' to '/storage/home/hcoda1/3/cchen847/p-rs275-0/da_eeg/mDA/mne-data/MNE-eegbci-data/files/eegmmidb/1.0.0'.
Downloading file 'S109/S109R10.edf' from 'https://physionet.org/files/eegmmidb/1.0.0/S109/S109R10.edf' to '/storage/home/hcoda1/3/cchen847/p-rs275-0/da_eeg/mDA/mne-data/MNE-eegbci-data/files/eegmmidb/1.0.0'.
Downloading file 'S109/S109R14.edf' from 'https://physionet.org/files/eegmmidb/1.0.0/S109/S109R14.edf' to '/storage/home/hcoda1/3/cchen847/p-rs275-0/da_eeg/mDA/mne-data/MNE-eegbci-data/files/eegmmidb/1.0.0'.
/storage/coda1/p-rs275/0/cchen847/da_eeg/mDA/Notebook/mDA_Physionet_hands_feet_MI.py:284: FutureWarning: The current default of copy=False will change to copy=True in 1.7. Set the value of copy explicitly to avoid this warning
  epochs_data = 1e6 * all_epochs[i].get_data()
/storage/home/hcoda1/3/cchen847/.local/lib/python3.9/site-packages/pyriemann/utils/mean.py:522: UserWarning: Convergence not reached
  warnings.warn("Convergence not reached")
/storage/home/hcoda1/3/cchen847/.local/lib/python3.9/site-packages/pyriemann/utils/mean.py:522: UserWarning: Convergence not reached
  warnings.warn("Convergence not reached")
/storage/home/hcoda1/3/cchen847/.local/lib/python3.9/site-packages/pyriemann/utils/mean.py:522: UserWarning: Convergence not reached
  warnings.warn("Convergence not reached")
slurmstepd: error: *** JOB 5609593 ON atl1-1-02-018-29-0 CANCELLED AT 2024-04-09T23:25:19 ***
---------------------------------------
Begin Slurm Epilog: Apr-09-2024 23:25:21
Job ID:        5609593
Array Job ID:  _4294967294
User ID:       cchen847
Account:       gts-rs275
Job name:      nerf2_test
Resources:     cpu=8,gres/gpu:a100=1,mem=10G,node=1
Rsrc Used:     cput=01:35:28,vmem=830228K,walltime=00:11:56,mem=684832K,energy_used=0
Partition:     gpu-a100
QOS:           inferno
Nodes:         atl1-1-02-018-29-0
---------------------------------------
