---------------------------------------
Begin Slurm Prolog: Apr-09-2024 23:02:03
Job ID:    5609570
User ID:   cchen847
Account:   gts-rs275
Job name:  nerf2_test
Partition: gpu-a100
QOS:       inferno
---------------------------------------
Defaulting to user installation because normal site-packages is not writeable
Requirement already satisfied: scipy==1.10.0 in /storage/home/hcoda1/3/cchen847/.local/lib/python3.9/site-packages (1.10.0)
Requirement already satisfied: numpy<1.27.0,>=1.19.5 in /storage/home/hcoda1/3/cchen847/.local/lib/python3.9/site-packages (from scipy==1.10.0) (1.26.4)
Defaulting to user installation because normal site-packages is not writeable
Requirement already satisfied: mne==1.6.1 in /storage/home/hcoda1/3/cchen847/.local/lib/python3.9/site-packages (1.6.1)
Requirement already satisfied: decorator in /storage/pace-apps/manual/packages/anaconda3/2022.05.0.1/lib/python3.9/site-packages (from mne==1.6.1) (5.1.1)
Requirement already satisfied: numpy>=1.21.2 in /storage/home/hcoda1/3/cchen847/.local/lib/python3.9/site-packages (from mne==1.6.1) (1.26.4)
Requirement already satisfied: packaging in /storage/pace-apps/manual/packages/anaconda3/2022.05.0.1/lib/python3.9/site-packages (from mne==1.6.1) (21.3)
Requirement already satisfied: matplotlib>=3.5.0 in /storage/home/hcoda1/3/cchen847/.local/lib/python3.9/site-packages (from mne==1.6.1) (3.8.4)
Requirement already satisfied: jinja2 in /storage/pace-apps/manual/packages/anaconda3/2022.05.0.1/lib/python3.9/site-packages (from mne==1.6.1) (2.11.3)
Requirement already satisfied: tqdm in /storage/home/hcoda1/3/cchen847/.local/lib/python3.9/site-packages (from mne==1.6.1) (4.66.2)
Requirement already satisfied: scipy>=1.7.1 in /storage/home/hcoda1/3/cchen847/.local/lib/python3.9/site-packages (from mne==1.6.1) (1.10.0)
Requirement already satisfied: pooch>=1.5 in /storage/home/hcoda1/3/cchen847/.local/lib/python3.9/site-packages (from mne==1.6.1) (1.8.1)
Requirement already satisfied: lazy-loader>=0.3 in /storage/home/hcoda1/3/cchen847/.local/lib/python3.9/site-packages (from mne==1.6.1) (0.4)
Requirement already satisfied: contourpy>=1.0.1 in /storage/home/hcoda1/3/cchen847/.local/lib/python3.9/site-packages (from matplotlib>=3.5.0->mne==1.6.1) (1.2.1)
Requirement already satisfied: kiwisolver>=1.3.1 in /storage/pace-apps/manual/packages/anaconda3/2022.05.0.1/lib/python3.9/site-packages (from matplotlib>=3.5.0->mne==1.6.1) (1.3.2)
Requirement already satisfied: python-dateutil>=2.7 in /storage/pace-apps/manual/packages/anaconda3/2022.05.0.1/lib/python3.9/site-packages (from matplotlib>=3.5.0->mne==1.6.1) (2.8.2)
Requirement already satisfied: pyparsing>=2.3.1 in /storage/pace-apps/manual/packages/anaconda3/2022.05.0.1/lib/python3.9/site-packages (from matplotlib>=3.5.0->mne==1.6.1) (3.0.4)
Requirement already satisfied: importlib-resources>=3.2.0 in /storage/home/hcoda1/3/cchen847/.local/lib/python3.9/site-packages (from matplotlib>=3.5.0->mne==1.6.1) (6.4.0)
Requirement already satisfied: cycler>=0.10 in /storage/pace-apps/manual/packages/anaconda3/2022.05.0.1/lib/python3.9/site-packages (from matplotlib>=3.5.0->mne==1.6.1) (0.11.0)
Requirement already satisfied: fonttools>=4.22.0 in /storage/pace-apps/manual/packages/anaconda3/2022.05.0.1/lib/python3.9/site-packages (from matplotlib>=3.5.0->mne==1.6.1) (4.25.0)
Requirement already satisfied: pillow>=8 in /storage/pace-apps/manual/packages/anaconda3/2022.05.0.1/lib/python3.9/site-packages (from matplotlib>=3.5.0->mne==1.6.1) (9.0.1)
Requirement already satisfied: zipp>=3.1.0 in /storage/pace-apps/manual/packages/anaconda3/2022.05.0.1/lib/python3.9/site-packages (from importlib-resources>=3.2.0->matplotlib>=3.5.0->mne==1.6.1) (3.7.0)
Requirement already satisfied: requests>=2.19.0 in /storage/home/hcoda1/3/cchen847/.local/lib/python3.9/site-packages (from pooch>=1.5->mne==1.6.1) (2.31.0)
Requirement already satisfied: platformdirs>=2.5.0 in /storage/home/hcoda1/3/cchen847/.local/lib/python3.9/site-packages (from pooch>=1.5->mne==1.6.1) (4.2.0)
Requirement already satisfied: six>=1.5 in /storage/pace-apps/manual/packages/anaconda3/2022.05.0.1/lib/python3.9/site-packages (from python-dateutil>=2.7->matplotlib>=3.5.0->mne==1.6.1) (1.16.0)
Requirement already satisfied: charset-normalizer<4,>=2 in /storage/pace-apps/manual/packages/anaconda3/2022.05.0.1/lib/python3.9/site-packages (from requests>=2.19.0->pooch>=1.5->mne==1.6.1) (2.0.4)
Requirement already satisfied: idna<4,>=2.5 in /storage/pace-apps/manual/packages/anaconda3/2022.05.0.1/lib/python3.9/site-packages (from requests>=2.19.0->pooch>=1.5->mne==1.6.1) (3.3)
Requirement already satisfied: certifi>=2017.4.17 in /storage/pace-apps/manual/packages/anaconda3/2022.05.0.1/lib/python3.9/site-packages (from requests>=2.19.0->pooch>=1.5->mne==1.6.1) (2021.10.8)
Requirement already satisfied: urllib3<3,>=1.21.1 in /storage/home/hcoda1/3/cchen847/.local/lib/python3.9/site-packages (from requests>=2.19.0->pooch>=1.5->mne==1.6.1) (1.26.18)
Requirement already satisfied: MarkupSafe>=0.23 in /storage/pace-apps/manual/packages/anaconda3/2022.05.0.1/lib/python3.9/site-packages (from jinja2->mne==1.6.1) (2.0.1)
Defaulting to user installation because normal site-packages is not writeable
Requirement already satisfied: mne_bids in /storage/home/hcoda1/3/cchen847/.local/lib/python3.9/site-packages (0.13)
Requirement already satisfied: mne>=1.4 in /storage/home/hcoda1/3/cchen847/.local/lib/python3.9/site-packages (from mne_bids) (1.6.1)
Requirement already satisfied: scipy>=1.6.3 in /storage/home/hcoda1/3/cchen847/.local/lib/python3.9/site-packages (from mne_bids) (1.10.0)
Requirement already satisfied: numpy>=1.20.2 in /storage/home/hcoda1/3/cchen847/.local/lib/python3.9/site-packages (from mne_bids) (1.26.4)
Requirement already satisfied: matplotlib>=3.5.0 in /storage/home/hcoda1/3/cchen847/.local/lib/python3.9/site-packages (from mne>=1.4->mne_bids) (3.8.4)
Requirement already satisfied: tqdm in /storage/home/hcoda1/3/cchen847/.local/lib/python3.9/site-packages (from mne>=1.4->mne_bids) (4.66.2)
Requirement already satisfied: pooch>=1.5 in /storage/home/hcoda1/3/cchen847/.local/lib/python3.9/site-packages (from mne>=1.4->mne_bids) (1.8.1)
Requirement already satisfied: packaging in /storage/pace-apps/manual/packages/anaconda3/2022.05.0.1/lib/python3.9/site-packages (from mne>=1.4->mne_bids) (21.3)
Requirement already satisfied: decorator in /storage/pace-apps/manual/packages/anaconda3/2022.05.0.1/lib/python3.9/site-packages (from mne>=1.4->mne_bids) (5.1.1)
Requirement already satisfied: jinja2 in /storage/pace-apps/manual/packages/anaconda3/2022.05.0.1/lib/python3.9/site-packages (from mne>=1.4->mne_bids) (2.11.3)
Requirement already satisfied: lazy-loader>=0.3 in /storage/home/hcoda1/3/cchen847/.local/lib/python3.9/site-packages (from mne>=1.4->mne_bids) (0.4)
Requirement already satisfied: contourpy>=1.0.1 in /storage/home/hcoda1/3/cchen847/.local/lib/python3.9/site-packages (from matplotlib>=3.5.0->mne>=1.4->mne_bids) (1.2.1)
Requirement already satisfied: cycler>=0.10 in /storage/pace-apps/manual/packages/anaconda3/2022.05.0.1/lib/python3.9/site-packages (from matplotlib>=3.5.0->mne>=1.4->mne_bids) (0.11.0)
Requirement already satisfied: fonttools>=4.22.0 in /storage/pace-apps/manual/packages/anaconda3/2022.05.0.1/lib/python3.9/site-packages (from matplotlib>=3.5.0->mne>=1.4->mne_bids) (4.25.0)
Requirement already satisfied: kiwisolver>=1.3.1 in /storage/pace-apps/manual/packages/anaconda3/2022.05.0.1/lib/python3.9/site-packages (from matplotlib>=3.5.0->mne>=1.4->mne_bids) (1.3.2)
Requirement already satisfied: pyparsing>=2.3.1 in /storage/pace-apps/manual/packages/anaconda3/2022.05.0.1/lib/python3.9/site-packages (from matplotlib>=3.5.0->mne>=1.4->mne_bids) (3.0.4)
Requirement already satisfied: python-dateutil>=2.7 in /storage/pace-apps/manual/packages/anaconda3/2022.05.0.1/lib/python3.9/site-packages (from matplotlib>=3.5.0->mne>=1.4->mne_bids) (2.8.2)
Requirement already satisfied: pillow>=8 in /storage/pace-apps/manual/packages/anaconda3/2022.05.0.1/lib/python3.9/site-packages (from matplotlib>=3.5.0->mne>=1.4->mne_bids) (9.0.1)
Requirement already satisfied: importlib-resources>=3.2.0 in /storage/home/hcoda1/3/cchen847/.local/lib/python3.9/site-packages (from matplotlib>=3.5.0->mne>=1.4->mne_bids) (6.4.0)
Requirement already satisfied: zipp>=3.1.0 in /storage/pace-apps/manual/packages/anaconda3/2022.05.0.1/lib/python3.9/site-packages (from importlib-resources>=3.2.0->matplotlib>=3.5.0->mne>=1.4->mne_bids) (3.7.0)
Requirement already satisfied: platformdirs>=2.5.0 in /storage/home/hcoda1/3/cchen847/.local/lib/python3.9/site-packages (from pooch>=1.5->mne>=1.4->mne_bids) (4.2.0)
Requirement already satisfied: requests>=2.19.0 in /storage/home/hcoda1/3/cchen847/.local/lib/python3.9/site-packages (from pooch>=1.5->mne>=1.4->mne_bids) (2.31.0)
Requirement already satisfied: six>=1.5 in /storage/pace-apps/manual/packages/anaconda3/2022.05.0.1/lib/python3.9/site-packages (from python-dateutil>=2.7->matplotlib>=3.5.0->mne>=1.4->mne_bids) (1.16.0)
Requirement already satisfied: certifi>=2017.4.17 in /storage/pace-apps/manual/packages/anaconda3/2022.05.0.1/lib/python3.9/site-packages (from requests>=2.19.0->pooch>=1.5->mne>=1.4->mne_bids) (2021.10.8)
Requirement already satisfied: charset-normalizer<4,>=2 in /storage/pace-apps/manual/packages/anaconda3/2022.05.0.1/lib/python3.9/site-packages (from requests>=2.19.0->pooch>=1.5->mne>=1.4->mne_bids) (2.0.4)
Requirement already satisfied: urllib3<3,>=1.21.1 in /storage/home/hcoda1/3/cchen847/.local/lib/python3.9/site-packages (from requests>=2.19.0->pooch>=1.5->mne>=1.4->mne_bids) (1.26.18)
Requirement already satisfied: idna<4,>=2.5 in /storage/pace-apps/manual/packages/anaconda3/2022.05.0.1/lib/python3.9/site-packages (from requests>=2.19.0->pooch>=1.5->mne>=1.4->mne_bids) (3.3)
Requirement already satisfied: MarkupSafe>=0.23 in /storage/pace-apps/manual/packages/anaconda3/2022.05.0.1/lib/python3.9/site-packages (from jinja2->mne>=1.4->mne_bids) (2.0.1)
Defaulting to user installation because normal site-packages is not writeable
Requirement already satisfied: pyriemann in /storage/home/hcoda1/3/cchen847/.local/lib/python3.9/site-packages (0.5)
Requirement already satisfied: scipy in /storage/home/hcoda1/3/cchen847/.local/lib/python3.9/site-packages (from pyriemann) (1.10.0)
Requirement already satisfied: joblib in /storage/home/hcoda1/3/cchen847/.local/lib/python3.9/site-packages (from pyriemann) (1.4.0)
Requirement already satisfied: numpy!=1.24.0 in /storage/home/hcoda1/3/cchen847/.local/lib/python3.9/site-packages (from pyriemann) (1.26.4)
Requirement already satisfied: scikit-learn in /storage/home/hcoda1/3/cchen847/.local/lib/python3.9/site-packages (from pyriemann) (1.4.2)
Requirement already satisfied: threadpoolctl>=2.0.0 in /storage/pace-apps/manual/packages/anaconda3/2022.05.0.1/lib/python3.9/site-packages (from scikit-learn->pyriemann) (2.2.0)
Defaulting to user installation because normal site-packages is not writeable
Requirement already satisfied: scikit-learn in /storage/home/hcoda1/3/cchen847/.local/lib/python3.9/site-packages (1.4.2)
Requirement already satisfied: numpy>=1.19.5 in /storage/home/hcoda1/3/cchen847/.local/lib/python3.9/site-packages (from scikit-learn) (1.26.4)
Requirement already satisfied: scipy>=1.6.0 in /storage/home/hcoda1/3/cchen847/.local/lib/python3.9/site-packages (from scikit-learn) (1.10.0)
Requirement already satisfied: threadpoolctl>=2.0.0 in /storage/pace-apps/manual/packages/anaconda3/2022.05.0.1/lib/python3.9/site-packages (from scikit-learn) (2.2.0)
Requirement already satisfied: joblib>=1.2.0 in /storage/home/hcoda1/3/cchen847/.local/lib/python3.9/site-packages (from scikit-learn) (1.4.0)
Defaulting to user installation because normal site-packages is not writeable
Requirement already satisfied: moabb in /storage/home/hcoda1/3/cchen847/.local/lib/python3.9/site-packages (1.0.0)
Requirement already satisfied: requests<3.0.0,>=2.28.1 in /storage/home/hcoda1/3/cchen847/.local/lib/python3.9/site-packages (from moabb) (2.31.0)
Requirement already satisfied: pandas<2.0.0,>=1.5.2 in /storage/home/hcoda1/3/cchen847/.local/lib/python3.9/site-packages (from moabb) (1.5.3)
Requirement already satisfied: edflib-python<2.0.0,>=1.0.6 in /storage/home/hcoda1/3/cchen847/.local/lib/python3.9/site-packages (from moabb) (1.0.8)
Requirement already satisfied: matplotlib<4.0.0,>=3.6.2 in /storage/home/hcoda1/3/cchen847/.local/lib/python3.9/site-packages (from moabb) (3.8.4)
Requirement already satisfied: mne<2.0,>=1.4 in /storage/home/hcoda1/3/cchen847/.local/lib/python3.9/site-packages (from moabb) (1.6.1)
Requirement already satisfied: scipy<2.0.0,>=1.9.3 in /storage/home/hcoda1/3/cchen847/.local/lib/python3.9/site-packages (from moabb) (1.10.0)
Requirement already satisfied: memory-profiler<0.62.0,>=0.61.0 in /storage/home/hcoda1/3/cchen847/.local/lib/python3.9/site-packages (from moabb) (0.61.0)
Requirement already satisfied: pytest<8.0.0,>=7.4.0 in /storage/home/hcoda1/3/cchen847/.local/lib/python3.9/site-packages (from moabb) (7.4.4)
Requirement already satisfied: PyYAML<7.0,>=6.0 in /storage/pace-apps/manual/packages/anaconda3/2022.05.0.1/lib/python3.9/site-packages (from moabb) (6.0)
Requirement already satisfied: coverage<8.0.0,>=7.0.1 in /storage/home/hcoda1/3/cchen847/.local/lib/python3.9/site-packages (from moabb) (7.4.4)
Requirement already satisfied: scikit-learn<2.0.0,>=1.2.0 in /storage/home/hcoda1/3/cchen847/.local/lib/python3.9/site-packages (from moabb) (1.4.2)
Requirement already satisfied: seaborn<0.13.0,>=0.12.1 in /storage/home/hcoda1/3/cchen847/.local/lib/python3.9/site-packages (from moabb) (0.12.2)
Requirement already satisfied: mne-bids<0.14,>=0.13 in /storage/home/hcoda1/3/cchen847/.local/lib/python3.9/site-packages (from moabb) (0.13)
Requirement already satisfied: urllib3<2.0.0,>=1.26.15 in /storage/home/hcoda1/3/cchen847/.local/lib/python3.9/site-packages (from moabb) (1.26.18)
Requirement already satisfied: pyriemann<0.6,>=0.5 in /storage/home/hcoda1/3/cchen847/.local/lib/python3.9/site-packages (from moabb) (0.5)
Requirement already satisfied: h5py<=3.8.0 in /storage/pace-apps/manual/packages/anaconda3/2022.05.0.1/lib/python3.9/site-packages (from moabb) (3.6.0)
Requirement already satisfied: pooch<2.0.0,>=1.6.0 in /storage/home/hcoda1/3/cchen847/.local/lib/python3.9/site-packages (from moabb) (1.8.1)
Requirement already satisfied: tqdm<5.0.0,>=4.64.1 in /storage/home/hcoda1/3/cchen847/.local/lib/python3.9/site-packages (from moabb) (4.66.2)
Requirement already satisfied: numpy<2.0,>=1.22 in /storage/home/hcoda1/3/cchen847/.local/lib/python3.9/site-packages (from moabb) (1.26.4)
Requirement already satisfied: importlib-resources>=3.2.0 in /storage/home/hcoda1/3/cchen847/.local/lib/python3.9/site-packages (from matplotlib<4.0.0,>=3.6.2->moabb) (6.4.0)
Requirement already satisfied: pillow>=8 in /storage/pace-apps/manual/packages/anaconda3/2022.05.0.1/lib/python3.9/site-packages (from matplotlib<4.0.0,>=3.6.2->moabb) (9.0.1)
Requirement already satisfied: packaging>=20.0 in /storage/pace-apps/manual/packages/anaconda3/2022.05.0.1/lib/python3.9/site-packages (from matplotlib<4.0.0,>=3.6.2->moabb) (21.3)
Requirement already satisfied: kiwisolver>=1.3.1 in /storage/pace-apps/manual/packages/anaconda3/2022.05.0.1/lib/python3.9/site-packages (from matplotlib<4.0.0,>=3.6.2->moabb) (1.3.2)
Requirement already satisfied: pyparsing>=2.3.1 in /storage/pace-apps/manual/packages/anaconda3/2022.05.0.1/lib/python3.9/site-packages (from matplotlib<4.0.0,>=3.6.2->moabb) (3.0.4)
Requirement already satisfied: python-dateutil>=2.7 in /storage/pace-apps/manual/packages/anaconda3/2022.05.0.1/lib/python3.9/site-packages (from matplotlib<4.0.0,>=3.6.2->moabb) (2.8.2)
Requirement already satisfied: cycler>=0.10 in /storage/pace-apps/manual/packages/anaconda3/2022.05.0.1/lib/python3.9/site-packages (from matplotlib<4.0.0,>=3.6.2->moabb) (0.11.0)
Requirement already satisfied: contourpy>=1.0.1 in /storage/home/hcoda1/3/cchen847/.local/lib/python3.9/site-packages (from matplotlib<4.0.0,>=3.6.2->moabb) (1.2.1)
Requirement already satisfied: fonttools>=4.22.0 in /storage/pace-apps/manual/packages/anaconda3/2022.05.0.1/lib/python3.9/site-packages (from matplotlib<4.0.0,>=3.6.2->moabb) (4.25.0)
Requirement already satisfied: zipp>=3.1.0 in /storage/pace-apps/manual/packages/anaconda3/2022.05.0.1/lib/python3.9/site-packages (from importlib-resources>=3.2.0->matplotlib<4.0.0,>=3.6.2->moabb) (3.7.0)
Requirement already satisfied: psutil in /storage/pace-apps/manual/packages/anaconda3/2022.05.0.1/lib/python3.9/site-packages (from memory-profiler<0.62.0,>=0.61.0->moabb) (5.8.0)
Requirement already satisfied: jinja2 in /storage/pace-apps/manual/packages/anaconda3/2022.05.0.1/lib/python3.9/site-packages (from mne<2.0,>=1.4->moabb) (2.11.3)
Requirement already satisfied: lazy-loader>=0.3 in /storage/home/hcoda1/3/cchen847/.local/lib/python3.9/site-packages (from mne<2.0,>=1.4->moabb) (0.4)
Requirement already satisfied: decorator in /storage/pace-apps/manual/packages/anaconda3/2022.05.0.1/lib/python3.9/site-packages (from mne<2.0,>=1.4->moabb) (5.1.1)
Requirement already satisfied: pytz>=2020.1 in /storage/pace-apps/manual/packages/anaconda3/2022.05.0.1/lib/python3.9/site-packages (from pandas<2.0.0,>=1.5.2->moabb) (2021.3)
Requirement already satisfied: platformdirs>=2.5.0 in /storage/home/hcoda1/3/cchen847/.local/lib/python3.9/site-packages (from pooch<2.0.0,>=1.6.0->moabb) (4.2.0)
Requirement already satisfied: joblib in /storage/home/hcoda1/3/cchen847/.local/lib/python3.9/site-packages (from pyriemann<0.6,>=0.5->moabb) (1.4.0)
Requirement already satisfied: iniconfig in /storage/pace-apps/manual/packages/anaconda3/2022.05.0.1/lib/python3.9/site-packages (from pytest<8.0.0,>=7.4.0->moabb) (1.1.1)
Requirement already satisfied: tomli>=1.0.0 in /storage/pace-apps/manual/packages/anaconda3/2022.05.0.1/lib/python3.9/site-packages (from pytest<8.0.0,>=7.4.0->moabb) (1.2.2)
Requirement already satisfied: pluggy<2.0,>=0.12 in /storage/pace-apps/manual/packages/anaconda3/2022.05.0.1/lib/python3.9/site-packages (from pytest<8.0.0,>=7.4.0->moabb) (1.0.0)
Requirement already satisfied: exceptiongroup>=1.0.0rc8 in /storage/home/hcoda1/3/cchen847/.local/lib/python3.9/site-packages (from pytest<8.0.0,>=7.4.0->moabb) (1.2.0)
Requirement already satisfied: six>=1.5 in /storage/pace-apps/manual/packages/anaconda3/2022.05.0.1/lib/python3.9/site-packages (from python-dateutil>=2.7->matplotlib<4.0.0,>=3.6.2->moabb) (1.16.0)
Requirement already satisfied: idna<4,>=2.5 in /storage/pace-apps/manual/packages/anaconda3/2022.05.0.1/lib/python3.9/site-packages (from requests<3.0.0,>=2.28.1->moabb) (3.3)
Requirement already satisfied: certifi>=2017.4.17 in /storage/pace-apps/manual/packages/anaconda3/2022.05.0.1/lib/python3.9/site-packages (from requests<3.0.0,>=2.28.1->moabb) (2021.10.8)
Requirement already satisfied: charset-normalizer<4,>=2 in /storage/pace-apps/manual/packages/anaconda3/2022.05.0.1/lib/python3.9/site-packages (from requests<3.0.0,>=2.28.1->moabb) (2.0.4)
Requirement already satisfied: threadpoolctl>=2.0.0 in /storage/pace-apps/manual/packages/anaconda3/2022.05.0.1/lib/python3.9/site-packages (from scikit-learn<2.0.0,>=1.2.0->moabb) (2.2.0)
Requirement already satisfied: MarkupSafe>=0.23 in /storage/pace-apps/manual/packages/anaconda3/2022.05.0.1/lib/python3.9/site-packages (from jinja2->mne<2.0,>=1.4->moabb) (2.0.1)
Downloading file 'S002/S002R06.edf' from 'https://physionet.org/files/eegmmidb/1.0.0/S002/S002R06.edf' to '/storage/home/hcoda1/3/cchen847/p-rs275-0/da_eeg/mDA/mne-data/MNE-eegbci-data/files/eegmmidb/1.0.0'.
Downloading file 'S002/S002R10.edf' from 'https://physionet.org/files/eegmmidb/1.0.0/S002/S002R10.edf' to '/storage/home/hcoda1/3/cchen847/p-rs275-0/da_eeg/mDA/mne-data/MNE-eegbci-data/files/eegmmidb/1.0.0'.
Downloading file 'S002/S002R14.edf' from 'https://physionet.org/files/eegmmidb/1.0.0/S002/S002R14.edf' to '/storage/home/hcoda1/3/cchen847/p-rs275-0/da_eeg/mDA/mne-data/MNE-eegbci-data/files/eegmmidb/1.0.0'.
Downloading file 'S003/S003R06.edf' from 'https://physionet.org/files/eegmmidb/1.0.0/S003/S003R06.edf' to '/storage/home/hcoda1/3/cchen847/p-rs275-0/da_eeg/mDA/mne-data/MNE-eegbci-data/files/eegmmidb/1.0.0'.
Downloading file 'S003/S003R10.edf' from 'https://physionet.org/files/eegmmidb/1.0.0/S003/S003R10.edf' to '/storage/home/hcoda1/3/cchen847/p-rs275-0/da_eeg/mDA/mne-data/MNE-eegbci-data/files/eegmmidb/1.0.0'.
Downloading file 'S003/S003R14.edf' from 'https://physionet.org/files/eegmmidb/1.0.0/S003/S003R14.edf' to '/storage/home/hcoda1/3/cchen847/p-rs275-0/da_eeg/mDA/mne-data/MNE-eegbci-data/files/eegmmidb/1.0.0'.
Downloading file 'S004/S004R06.edf' from 'https://physionet.org/files/eegmmidb/1.0.0/S004/S004R06.edf' to '/storage/home/hcoda1/3/cchen847/p-rs275-0/da_eeg/mDA/mne-data/MNE-eegbci-data/files/eegmmidb/1.0.0'.
Downloading file 'S004/S004R10.edf' from 'https://physionet.org/files/eegmmidb/1.0.0/S004/S004R10.edf' to '/storage/home/hcoda1/3/cchen847/p-rs275-0/da_eeg/mDA/mne-data/MNE-eegbci-data/files/eegmmidb/1.0.0'.
Downloading file 'S004/S004R14.edf' from 'https://physionet.org/files/eegmmidb/1.0.0/S004/S004R14.edf' to '/storage/home/hcoda1/3/cchen847/p-rs275-0/da_eeg/mDA/mne-data/MNE-eegbci-data/files/eegmmidb/1.0.0'.
Downloading file 'S005/S005R06.edf' from 'https://physionet.org/files/eegmmidb/1.0.0/S005/S005R06.edf' to '/storage/home/hcoda1/3/cchen847/p-rs275-0/da_eeg/mDA/mne-data/MNE-eegbci-data/files/eegmmidb/1.0.0'.
Downloading file 'S005/S005R10.edf' from 'https://physionet.org/files/eegmmidb/1.0.0/S005/S005R10.edf' to '/storage/home/hcoda1/3/cchen847/p-rs275-0/da_eeg/mDA/mne-data/MNE-eegbci-data/files/eegmmidb/1.0.0'.
Downloading file 'S005/S005R14.edf' from 'https://physionet.org/files/eegmmidb/1.0.0/S005/S005R14.edf' to '/storage/home/hcoda1/3/cchen847/p-rs275-0/da_eeg/mDA/mne-data/MNE-eegbci-data/files/eegmmidb/1.0.0'.
Downloading file 'S006/S006R06.edf' from 'https://physionet.org/files/eegmmidb/1.0.0/S006/S006R06.edf' to '/storage/home/hcoda1/3/cchen847/p-rs275-0/da_eeg/mDA/mne-data/MNE-eegbci-data/files/eegmmidb/1.0.0'.
Downloading file 'S006/S006R10.edf' from 'https://physionet.org/files/eegmmidb/1.0.0/S006/S006R10.edf' to '/storage/home/hcoda1/3/cchen847/p-rs275-0/da_eeg/mDA/mne-data/MNE-eegbci-data/files/eegmmidb/1.0.0'.
Downloading file 'S006/S006R14.edf' from 'https://physionet.org/files/eegmmidb/1.0.0/S006/S006R14.edf' to '/storage/home/hcoda1/3/cchen847/p-rs275-0/da_eeg/mDA/mne-data/MNE-eegbci-data/files/eegmmidb/1.0.0'.
Downloading file 'S007/S007R06.edf' from 'https://physionet.org/files/eegmmidb/1.0.0/S007/S007R06.edf' to '/storage/home/hcoda1/3/cchen847/p-rs275-0/da_eeg/mDA/mne-data/MNE-eegbci-data/files/eegmmidb/1.0.0'.
Downloading file 'S007/S007R10.edf' from 'https://physionet.org/files/eegmmidb/1.0.0/S007/S007R10.edf' to '/storage/home/hcoda1/3/cchen847/p-rs275-0/da_eeg/mDA/mne-data/MNE-eegbci-data/files/eegmmidb/1.0.0'.
Downloading file 'S007/S007R14.edf' from 'https://physionet.org/files/eegmmidb/1.0.0/S007/S007R14.edf' to '/storage/home/hcoda1/3/cchen847/p-rs275-0/da_eeg/mDA/mne-data/MNE-eegbci-data/files/eegmmidb/1.0.0'.
Downloading file 'S008/S008R06.edf' from 'https://physionet.org/files/eegmmidb/1.0.0/S008/S008R06.edf' to '/storage/home/hcoda1/3/cchen847/p-rs275-0/da_eeg/mDA/mne-data/MNE-eegbci-data/files/eegmmidb/1.0.0'.
Downloading file 'S008/S008R10.edf' from 'https://physionet.org/files/eegmmidb/1.0.0/S008/S008R10.edf' to '/storage/home/hcoda1/3/cchen847/p-rs275-0/da_eeg/mDA/mne-data/MNE-eegbci-data/files/eegmmidb/1.0.0'.
Downloading file 'S008/S008R14.edf' from 'https://physionet.org/files/eegmmidb/1.0.0/S008/S008R14.edf' to '/storage/home/hcoda1/3/cchen847/p-rs275-0/da_eeg/mDA/mne-data/MNE-eegbci-data/files/eegmmidb/1.0.0'.
Downloading file 'S009/S009R06.edf' from 'https://physionet.org/files/eegmmidb/1.0.0/S009/S009R06.edf' to '/storage/home/hcoda1/3/cchen847/p-rs275-0/da_eeg/mDA/mne-data/MNE-eegbci-data/files/eegmmidb/1.0.0'.
Downloading file 'S009/S009R10.edf' from 'https://physionet.org/files/eegmmidb/1.0.0/S009/S009R10.edf' to '/storage/home/hcoda1/3/cchen847/p-rs275-0/da_eeg/mDA/mne-data/MNE-eegbci-data/files/eegmmidb/1.0.0'.
Downloading file 'S009/S009R14.edf' from 'https://physionet.org/files/eegmmidb/1.0.0/S009/S009R14.edf' to '/storage/home/hcoda1/3/cchen847/p-rs275-0/da_eeg/mDA/mne-data/MNE-eegbci-data/files/eegmmidb/1.0.0'.
Downloading file 'S010/S010R06.edf' from 'https://physionet.org/files/eegmmidb/1.0.0/S010/S010R06.edf' to '/storage/home/hcoda1/3/cchen847/p-rs275-0/da_eeg/mDA/mne-data/MNE-eegbci-data/files/eegmmidb/1.0.0'.
Downloading file 'S010/S010R10.edf' from 'https://physionet.org/files/eegmmidb/1.0.0/S010/S010R10.edf' to '/storage/home/hcoda1/3/cchen847/p-rs275-0/da_eeg/mDA/mne-data/MNE-eegbci-data/files/eegmmidb/1.0.0'.
Downloading file 'S010/S010R14.edf' from 'https://physionet.org/files/eegmmidb/1.0.0/S010/S010R14.edf' to '/storage/home/hcoda1/3/cchen847/p-rs275-0/da_eeg/mDA/mne-data/MNE-eegbci-data/files/eegmmidb/1.0.0'.
Downloading file 'S011/S011R06.edf' from 'https://physionet.org/files/eegmmidb/1.0.0/S011/S011R06.edf' to '/storage/home/hcoda1/3/cchen847/p-rs275-0/da_eeg/mDA/mne-data/MNE-eegbci-data/files/eegmmidb/1.0.0'.
Downloading file 'S011/S011R10.edf' from 'https://physionet.org/files/eegmmidb/1.0.0/S011/S011R10.edf' to '/storage/home/hcoda1/3/cchen847/p-rs275-0/da_eeg/mDA/mne-data/MNE-eegbci-data/files/eegmmidb/1.0.0'.
Downloading file 'S011/S011R14.edf' from 'https://physionet.org/files/eegmmidb/1.0.0/S011/S011R14.edf' to '/storage/home/hcoda1/3/cchen847/p-rs275-0/da_eeg/mDA/mne-data/MNE-eegbci-data/files/eegmmidb/1.0.0'.
Downloading file 'S012/S012R06.edf' from 'https://physionet.org/files/eegmmidb/1.0.0/S012/S012R06.edf' to '/storage/home/hcoda1/3/cchen847/p-rs275-0/da_eeg/mDA/mne-data/MNE-eegbci-data/files/eegmmidb/1.0.0'.
Downloading file 'S012/S012R10.edf' from 'https://physionet.org/files/eegmmidb/1.0.0/S012/S012R10.edf' to '/storage/home/hcoda1/3/cchen847/p-rs275-0/da_eeg/mDA/mne-data/MNE-eegbci-data/files/eegmmidb/1.0.0'.
Downloading file 'S012/S012R14.edf' from 'https://physionet.org/files/eegmmidb/1.0.0/S012/S012R14.edf' to '/storage/home/hcoda1/3/cchen847/p-rs275-0/da_eeg/mDA/mne-data/MNE-eegbci-data/files/eegmmidb/1.0.0'.
Downloading file 'S013/S013R06.edf' from 'https://physionet.org/files/eegmmidb/1.0.0/S013/S013R06.edf' to '/storage/home/hcoda1/3/cchen847/p-rs275-0/da_eeg/mDA/mne-data/MNE-eegbci-data/files/eegmmidb/1.0.0'.
Downloading file 'S013/S013R10.edf' from 'https://physionet.org/files/eegmmidb/1.0.0/S013/S013R10.edf' to '/storage/home/hcoda1/3/cchen847/p-rs275-0/da_eeg/mDA/mne-data/MNE-eegbci-data/files/eegmmidb/1.0.0'.
Downloading file 'S013/S013R14.edf' from 'https://physionet.org/files/eegmmidb/1.0.0/S013/S013R14.edf' to '/storage/home/hcoda1/3/cchen847/p-rs275-0/da_eeg/mDA/mne-data/MNE-eegbci-data/files/eegmmidb/1.0.0'.
Downloading file 'S014/S014R06.edf' from 'https://physionet.org/files/eegmmidb/1.0.0/S014/S014R06.edf' to '/storage/home/hcoda1/3/cchen847/p-rs275-0/da_eeg/mDA/mne-data/MNE-eegbci-data/files/eegmmidb/1.0.0'.
Downloading file 'S014/S014R10.edf' from 'https://physionet.org/files/eegmmidb/1.0.0/S014/S014R10.edf' to '/storage/home/hcoda1/3/cchen847/p-rs275-0/da_eeg/mDA/mne-data/MNE-eegbci-data/files/eegmmidb/1.0.0'.
Downloading file 'S014/S014R14.edf' from 'https://physionet.org/files/eegmmidb/1.0.0/S014/S014R14.edf' to '/storage/home/hcoda1/3/cchen847/p-rs275-0/da_eeg/mDA/mne-data/MNE-eegbci-data/files/eegmmidb/1.0.0'.
Downloading file 'S015/S015R06.edf' from 'https://physionet.org/files/eegmmidb/1.0.0/S015/S015R06.edf' to '/storage/home/hcoda1/3/cchen847/p-rs275-0/da_eeg/mDA/mne-data/MNE-eegbci-data/files/eegmmidb/1.0.0'.
Downloading file 'S015/S015R10.edf' from 'https://physionet.org/files/eegmmidb/1.0.0/S015/S015R10.edf' to '/storage/home/hcoda1/3/cchen847/p-rs275-0/da_eeg/mDA/mne-data/MNE-eegbci-data/files/eegmmidb/1.0.0'.
Downloading file 'S015/S015R14.edf' from 'https://physionet.org/files/eegmmidb/1.0.0/S015/S015R14.edf' to '/storage/home/hcoda1/3/cchen847/p-rs275-0/da_eeg/mDA/mne-data/MNE-eegbci-data/files/eegmmidb/1.0.0'.
Downloading file 'S016/S016R06.edf' from 'https://physionet.org/files/eegmmidb/1.0.0/S016/S016R06.edf' to '/storage/home/hcoda1/3/cchen847/p-rs275-0/da_eeg/mDA/mne-data/MNE-eegbci-data/files/eegmmidb/1.0.0'.
Downloading file 'S016/S016R10.edf' from 'https://physionet.org/files/eegmmidb/1.0.0/S016/S016R10.edf' to '/storage/home/hcoda1/3/cchen847/p-rs275-0/da_eeg/mDA/mne-data/MNE-eegbci-data/files/eegmmidb/1.0.0'.
Downloading file 'S016/S016R14.edf' from 'https://physionet.org/files/eegmmidb/1.0.0/S016/S016R14.edf' to '/storage/home/hcoda1/3/cchen847/p-rs275-0/da_eeg/mDA/mne-data/MNE-eegbci-data/files/eegmmidb/1.0.0'.
Downloading file 'S017/S017R06.edf' from 'https://physionet.org/files/eegmmidb/1.0.0/S017/S017R06.edf' to '/storage/home/hcoda1/3/cchen847/p-rs275-0/da_eeg/mDA/mne-data/MNE-eegbci-data/files/eegmmidb/1.0.0'.
Downloading file 'S017/S017R10.edf' from 'https://physionet.org/files/eegmmidb/1.0.0/S017/S017R10.edf' to '/storage/home/hcoda1/3/cchen847/p-rs275-0/da_eeg/mDA/mne-data/MNE-eegbci-data/files/eegmmidb/1.0.0'.
Downloading file 'S017/S017R14.edf' from 'https://physionet.org/files/eegmmidb/1.0.0/S017/S017R14.edf' to '/storage/home/hcoda1/3/cchen847/p-rs275-0/da_eeg/mDA/mne-data/MNE-eegbci-data/files/eegmmidb/1.0.0'.
Downloading file 'S018/S018R06.edf' from 'https://physionet.org/files/eegmmidb/1.0.0/S018/S018R06.edf' to '/storage/home/hcoda1/3/cchen847/p-rs275-0/da_eeg/mDA/mne-data/MNE-eegbci-data/files/eegmmidb/1.0.0'.
Downloading file 'S018/S018R10.edf' from 'https://physionet.org/files/eegmmidb/1.0.0/S018/S018R10.edf' to '/storage/home/hcoda1/3/cchen847/p-rs275-0/da_eeg/mDA/mne-data/MNE-eegbci-data/files/eegmmidb/1.0.0'.
Downloading file 'S018/S018R14.edf' from 'https://physionet.org/files/eegmmidb/1.0.0/S018/S018R14.edf' to '/storage/home/hcoda1/3/cchen847/p-rs275-0/da_eeg/mDA/mne-data/MNE-eegbci-data/files/eegmmidb/1.0.0'.
Downloading file 'S019/S019R06.edf' from 'https://physionet.org/files/eegmmidb/1.0.0/S019/S019R06.edf' to '/storage/home/hcoda1/3/cchen847/p-rs275-0/da_eeg/mDA/mne-data/MNE-eegbci-data/files/eegmmidb/1.0.0'.
Downloading file 'S019/S019R10.edf' from 'https://physionet.org/files/eegmmidb/1.0.0/S019/S019R10.edf' to '/storage/home/hcoda1/3/cchen847/p-rs275-0/da_eeg/mDA/mne-data/MNE-eegbci-data/files/eegmmidb/1.0.0'.
Downloading file 'S019/S019R14.edf' from 'https://physionet.org/files/eegmmidb/1.0.0/S019/S019R14.edf' to '/storage/home/hcoda1/3/cchen847/p-rs275-0/da_eeg/mDA/mne-data/MNE-eegbci-data/files/eegmmidb/1.0.0'.
Downloading file 'S020/S020R06.edf' from 'https://physionet.org/files/eegmmidb/1.0.0/S020/S020R06.edf' to '/storage/home/hcoda1/3/cchen847/p-rs275-0/da_eeg/mDA/mne-data/MNE-eegbci-data/files/eegmmidb/1.0.0'.
Downloading file 'S020/S020R10.edf' from 'https://physionet.org/files/eegmmidb/1.0.0/S020/S020R10.edf' to '/storage/home/hcoda1/3/cchen847/p-rs275-0/da_eeg/mDA/mne-data/MNE-eegbci-data/files/eegmmidb/1.0.0'.
Downloading file 'S020/S020R14.edf' from 'https://physionet.org/files/eegmmidb/1.0.0/S020/S020R14.edf' to '/storage/home/hcoda1/3/cchen847/p-rs275-0/da_eeg/mDA/mne-data/MNE-eegbci-data/files/eegmmidb/1.0.0'.
Downloading file 'S021/S021R06.edf' from 'https://physionet.org/files/eegmmidb/1.0.0/S021/S021R06.edf' to '/storage/home/hcoda1/3/cchen847/p-rs275-0/da_eeg/mDA/mne-data/MNE-eegbci-data/files/eegmmidb/1.0.0'.
Downloading file 'S021/S021R10.edf' from 'https://physionet.org/files/eegmmidb/1.0.0/S021/S021R10.edf' to '/storage/home/hcoda1/3/cchen847/p-rs275-0/da_eeg/mDA/mne-data/MNE-eegbci-data/files/eegmmidb/1.0.0'.
Downloading file 'S021/S021R14.edf' from 'https://physionet.org/files/eegmmidb/1.0.0/S021/S021R14.edf' to '/storage/home/hcoda1/3/cchen847/p-rs275-0/da_eeg/mDA/mne-data/MNE-eegbci-data/files/eegmmidb/1.0.0'.
Downloading file 'S022/S022R06.edf' from 'https://physionet.org/files/eegmmidb/1.0.0/S022/S022R06.edf' to '/storage/home/hcoda1/3/cchen847/p-rs275-0/da_eeg/mDA/mne-data/MNE-eegbci-data/files/eegmmidb/1.0.0'.
Downloading file 'S022/S022R10.edf' from 'https://physionet.org/files/eegmmidb/1.0.0/S022/S022R10.edf' to '/storage/home/hcoda1/3/cchen847/p-rs275-0/da_eeg/mDA/mne-data/MNE-eegbci-data/files/eegmmidb/1.0.0'.
Downloading file 'S022/S022R14.edf' from 'https://physionet.org/files/eegmmidb/1.0.0/S022/S022R14.edf' to '/storage/home/hcoda1/3/cchen847/p-rs275-0/da_eeg/mDA/mne-data/MNE-eegbci-data/files/eegmmidb/1.0.0'.
Downloading file 'S023/S023R06.edf' from 'https://physionet.org/files/eegmmidb/1.0.0/S023/S023R06.edf' to '/storage/home/hcoda1/3/cchen847/p-rs275-0/da_eeg/mDA/mne-data/MNE-eegbci-data/files/eegmmidb/1.0.0'.
Downloading file 'S023/S023R10.edf' from 'https://physionet.org/files/eegmmidb/1.0.0/S023/S023R10.edf' to '/storage/home/hcoda1/3/cchen847/p-rs275-0/da_eeg/mDA/mne-data/MNE-eegbci-data/files/eegmmidb/1.0.0'.
Downloading file 'S023/S023R14.edf' from 'https://physionet.org/files/eegmmidb/1.0.0/S023/S023R14.edf' to '/storage/home/hcoda1/3/cchen847/p-rs275-0/da_eeg/mDA/mne-data/MNE-eegbci-data/files/eegmmidb/1.0.0'.
slurmstepd: error: *** JOB 5609570 ON atl1-1-02-018-29-0 CANCELLED AT 2024-04-09T23:06:32 ***
---------------------------------------
Begin Slurm Epilog: Apr-09-2024 23:06:33
Job ID:        5609570
Array Job ID:  _4294967294
User ID:       cchen847
Account:       gts-rs275
Job name:      nerf2_test
Resources:     cpu=8,gres/gpu:a100=1,mem=10G,node=1
Rsrc Used:     cput=00:35:52,vmem=396528K,walltime=00:04:29,mem=375076K,energy_used=0
Partition:     gpu-a100
QOS:           inferno
Nodes:         atl1-1-02-018-29-0
---------------------------------------
