---------------------------------------
Begin Slurm Prolog: Apr-10-2024 17:03:27
Job ID:    5616939
User ID:   cchen847
Account:   gts-rs275
Job name:  nerf2_test
Partition: gpu-v100
QOS:       inferno
---------------------------------------
Defaulting to user installation because normal site-packages is not writeable
Requirement already satisfied: scipy==1.10.0 in /storage/home/hcoda1/3/cchen847/.local/lib/python3.9/site-packages (1.10.0)
Requirement already satisfied: numpy<1.27.0,>=1.19.5 in /storage/home/hcoda1/3/cchen847/.local/lib/python3.9/site-packages (from scipy==1.10.0) (1.26.4)
Defaulting to user installation because normal site-packages is not writeable
Requirement already satisfied: mne==1.6.1 in /storage/home/hcoda1/3/cchen847/.local/lib/python3.9/site-packages (1.6.1)
Requirement already satisfied: packaging in /storage/pace-apps/manual/packages/anaconda3/2022.05.0.1/lib/python3.9/site-packages (from mne==1.6.1) (21.3)
Requirement already satisfied: decorator in /storage/pace-apps/manual/packages/anaconda3/2022.05.0.1/lib/python3.9/site-packages (from mne==1.6.1) (5.1.1)
Requirement already satisfied: scipy>=1.7.1 in /storage/home/hcoda1/3/cchen847/.local/lib/python3.9/site-packages (from mne==1.6.1) (1.10.0)
Requirement already satisfied: matplotlib>=3.5.0 in /storage/home/hcoda1/3/cchen847/.local/lib/python3.9/site-packages (from mne==1.6.1) (3.8.4)
Requirement already satisfied: lazy-loader>=0.3 in /storage/home/hcoda1/3/cchen847/.local/lib/python3.9/site-packages (from mne==1.6.1) (0.4)
Requirement already satisfied: numpy>=1.21.2 in /storage/home/hcoda1/3/cchen847/.local/lib/python3.9/site-packages (from mne==1.6.1) (1.26.4)
Requirement already satisfied: pooch>=1.5 in /storage/home/hcoda1/3/cchen847/.local/lib/python3.9/site-packages (from mne==1.6.1) (1.8.1)
Requirement already satisfied: jinja2 in /storage/pace-apps/manual/packages/anaconda3/2022.05.0.1/lib/python3.9/site-packages (from mne==1.6.1) (2.11.3)
Requirement already satisfied: tqdm in /storage/home/hcoda1/3/cchen847/.local/lib/python3.9/site-packages (from mne==1.6.1) (4.66.2)
Requirement already satisfied: pillow>=8 in /storage/pace-apps/manual/packages/anaconda3/2022.05.0.1/lib/python3.9/site-packages (from matplotlib>=3.5.0->mne==1.6.1) (9.0.1)
Requirement already satisfied: kiwisolver>=1.3.1 in /storage/pace-apps/manual/packages/anaconda3/2022.05.0.1/lib/python3.9/site-packages (from matplotlib>=3.5.0->mne==1.6.1) (1.3.2)
Requirement already satisfied: python-dateutil>=2.7 in /storage/pace-apps/manual/packages/anaconda3/2022.05.0.1/lib/python3.9/site-packages (from matplotlib>=3.5.0->mne==1.6.1) (2.8.2)
Requirement already satisfied: fonttools>=4.22.0 in /storage/pace-apps/manual/packages/anaconda3/2022.05.0.1/lib/python3.9/site-packages (from matplotlib>=3.5.0->mne==1.6.1) (4.25.0)
Requirement already satisfied: importlib-resources>=3.2.0 in /storage/home/hcoda1/3/cchen847/.local/lib/python3.9/site-packages (from matplotlib>=3.5.0->mne==1.6.1) (6.4.0)
Requirement already satisfied: cycler>=0.10 in /storage/pace-apps/manual/packages/anaconda3/2022.05.0.1/lib/python3.9/site-packages (from matplotlib>=3.5.0->mne==1.6.1) (0.11.0)
Requirement already satisfied: contourpy>=1.0.1 in /storage/home/hcoda1/3/cchen847/.local/lib/python3.9/site-packages (from matplotlib>=3.5.0->mne==1.6.1) (1.2.1)
Requirement already satisfied: pyparsing>=2.3.1 in /storage/pace-apps/manual/packages/anaconda3/2022.05.0.1/lib/python3.9/site-packages (from matplotlib>=3.5.0->mne==1.6.1) (3.0.4)
Requirement already satisfied: zipp>=3.1.0 in /storage/pace-apps/manual/packages/anaconda3/2022.05.0.1/lib/python3.9/site-packages (from importlib-resources>=3.2.0->matplotlib>=3.5.0->mne==1.6.1) (3.7.0)
Requirement already satisfied: platformdirs>=2.5.0 in /storage/home/hcoda1/3/cchen847/.local/lib/python3.9/site-packages (from pooch>=1.5->mne==1.6.1) (4.2.0)
Requirement already satisfied: requests>=2.19.0 in /storage/home/hcoda1/3/cchen847/.local/lib/python3.9/site-packages (from pooch>=1.5->mne==1.6.1) (2.31.0)
Requirement already satisfied: six>=1.5 in /storage/pace-apps/manual/packages/anaconda3/2022.05.0.1/lib/python3.9/site-packages (from python-dateutil>=2.7->matplotlib>=3.5.0->mne==1.6.1) (1.16.0)
Requirement already satisfied: certifi>=2017.4.17 in /storage/pace-apps/manual/packages/anaconda3/2022.05.0.1/lib/python3.9/site-packages (from requests>=2.19.0->pooch>=1.5->mne==1.6.1) (2021.10.8)
Requirement already satisfied: urllib3<3,>=1.21.1 in /storage/home/hcoda1/3/cchen847/.local/lib/python3.9/site-packages (from requests>=2.19.0->pooch>=1.5->mne==1.6.1) (1.26.18)
Requirement already satisfied: charset-normalizer<4,>=2 in /storage/pace-apps/manual/packages/anaconda3/2022.05.0.1/lib/python3.9/site-packages (from requests>=2.19.0->pooch>=1.5->mne==1.6.1) (2.0.4)
Requirement already satisfied: idna<4,>=2.5 in /storage/pace-apps/manual/packages/anaconda3/2022.05.0.1/lib/python3.9/site-packages (from requests>=2.19.0->pooch>=1.5->mne==1.6.1) (3.3)
Requirement already satisfied: MarkupSafe>=0.23 in /storage/pace-apps/manual/packages/anaconda3/2022.05.0.1/lib/python3.9/site-packages (from jinja2->mne==1.6.1) (2.0.1)
Defaulting to user installation because normal site-packages is not writeable
Requirement already satisfied: mne_bids in /storage/home/hcoda1/3/cchen847/.local/lib/python3.9/site-packages (0.13)
Requirement already satisfied: mne>=1.4 in /storage/home/hcoda1/3/cchen847/.local/lib/python3.9/site-packages (from mne_bids) (1.6.1)
Requirement already satisfied: numpy>=1.20.2 in /storage/home/hcoda1/3/cchen847/.local/lib/python3.9/site-packages (from mne_bids) (1.26.4)
Requirement already satisfied: scipy>=1.6.3 in /storage/home/hcoda1/3/cchen847/.local/lib/python3.9/site-packages (from mne_bids) (1.10.0)
Requirement already satisfied: decorator in /storage/pace-apps/manual/packages/anaconda3/2022.05.0.1/lib/python3.9/site-packages (from mne>=1.4->mne_bids) (5.1.1)
Requirement already satisfied: packaging in /storage/pace-apps/manual/packages/anaconda3/2022.05.0.1/lib/python3.9/site-packages (from mne>=1.4->mne_bids) (21.3)
Requirement already satisfied: jinja2 in /storage/pace-apps/manual/packages/anaconda3/2022.05.0.1/lib/python3.9/site-packages (from mne>=1.4->mne_bids) (2.11.3)
Requirement already satisfied: tqdm in /storage/home/hcoda1/3/cchen847/.local/lib/python3.9/site-packages (from mne>=1.4->mne_bids) (4.66.2)
Requirement already satisfied: matplotlib>=3.5.0 in /storage/home/hcoda1/3/cchen847/.local/lib/python3.9/site-packages (from mne>=1.4->mne_bids) (3.8.4)
Requirement already satisfied: lazy-loader>=0.3 in /storage/home/hcoda1/3/cchen847/.local/lib/python3.9/site-packages (from mne>=1.4->mne_bids) (0.4)
Requirement already satisfied: pooch>=1.5 in /storage/home/hcoda1/3/cchen847/.local/lib/python3.9/site-packages (from mne>=1.4->mne_bids) (1.8.1)
Requirement already satisfied: fonttools>=4.22.0 in /storage/pace-apps/manual/packages/anaconda3/2022.05.0.1/lib/python3.9/site-packages (from matplotlib>=3.5.0->mne>=1.4->mne_bids) (4.25.0)
Requirement already satisfied: kiwisolver>=1.3.1 in /storage/pace-apps/manual/packages/anaconda3/2022.05.0.1/lib/python3.9/site-packages (from matplotlib>=3.5.0->mne>=1.4->mne_bids) (1.3.2)
Requirement already satisfied: pyparsing>=2.3.1 in /storage/pace-apps/manual/packages/anaconda3/2022.05.0.1/lib/python3.9/site-packages (from matplotlib>=3.5.0->mne>=1.4->mne_bids) (3.0.4)
Requirement already satisfied: cycler>=0.10 in /storage/pace-apps/manual/packages/anaconda3/2022.05.0.1/lib/python3.9/site-packages (from matplotlib>=3.5.0->mne>=1.4->mne_bids) (0.11.0)
Requirement already satisfied: importlib-resources>=3.2.0 in /storage/home/hcoda1/3/cchen847/.local/lib/python3.9/site-packages (from matplotlib>=3.5.0->mne>=1.4->mne_bids) (6.4.0)
Requirement already satisfied: contourpy>=1.0.1 in /storage/home/hcoda1/3/cchen847/.local/lib/python3.9/site-packages (from matplotlib>=3.5.0->mne>=1.4->mne_bids) (1.2.1)
Requirement already satisfied: pillow>=8 in /storage/pace-apps/manual/packages/anaconda3/2022.05.0.1/lib/python3.9/site-packages (from matplotlib>=3.5.0->mne>=1.4->mne_bids) (9.0.1)
Requirement already satisfied: python-dateutil>=2.7 in /storage/pace-apps/manual/packages/anaconda3/2022.05.0.1/lib/python3.9/site-packages (from matplotlib>=3.5.0->mne>=1.4->mne_bids) (2.8.2)
Requirement already satisfied: zipp>=3.1.0 in /storage/pace-apps/manual/packages/anaconda3/2022.05.0.1/lib/python3.9/site-packages (from importlib-resources>=3.2.0->matplotlib>=3.5.0->mne>=1.4->mne_bids) (3.7.0)
Requirement already satisfied: platformdirs>=2.5.0 in /storage/home/hcoda1/3/cchen847/.local/lib/python3.9/site-packages (from pooch>=1.5->mne>=1.4->mne_bids) (4.2.0)
Requirement already satisfied: requests>=2.19.0 in /storage/home/hcoda1/3/cchen847/.local/lib/python3.9/site-packages (from pooch>=1.5->mne>=1.4->mne_bids) (2.31.0)
Requirement already satisfied: six>=1.5 in /storage/pace-apps/manual/packages/anaconda3/2022.05.0.1/lib/python3.9/site-packages (from python-dateutil>=2.7->matplotlib>=3.5.0->mne>=1.4->mne_bids) (1.16.0)
Requirement already satisfied: idna<4,>=2.5 in /storage/pace-apps/manual/packages/anaconda3/2022.05.0.1/lib/python3.9/site-packages (from requests>=2.19.0->pooch>=1.5->mne>=1.4->mne_bids) (3.3)
Requirement already satisfied: charset-normalizer<4,>=2 in /storage/pace-apps/manual/packages/anaconda3/2022.05.0.1/lib/python3.9/site-packages (from requests>=2.19.0->pooch>=1.5->mne>=1.4->mne_bids) (2.0.4)
Requirement already satisfied: certifi>=2017.4.17 in /storage/pace-apps/manual/packages/anaconda3/2022.05.0.1/lib/python3.9/site-packages (from requests>=2.19.0->pooch>=1.5->mne>=1.4->mne_bids) (2021.10.8)
Requirement already satisfied: urllib3<3,>=1.21.1 in /storage/home/hcoda1/3/cchen847/.local/lib/python3.9/site-packages (from requests>=2.19.0->pooch>=1.5->mne>=1.4->mne_bids) (1.26.18)
Requirement already satisfied: MarkupSafe>=0.23 in /storage/pace-apps/manual/packages/anaconda3/2022.05.0.1/lib/python3.9/site-packages (from jinja2->mne>=1.4->mne_bids) (2.0.1)
Defaulting to user installation because normal site-packages is not writeable
Requirement already satisfied: pyriemann in /storage/home/hcoda1/3/cchen847/.local/lib/python3.9/site-packages (0.5)
Requirement already satisfied: scipy in /storage/home/hcoda1/3/cchen847/.local/lib/python3.9/site-packages (from pyriemann) (1.10.0)
Requirement already satisfied: joblib in /storage/home/hcoda1/3/cchen847/.local/lib/python3.9/site-packages (from pyriemann) (1.4.0)
Requirement already satisfied: scikit-learn in /storage/home/hcoda1/3/cchen847/.local/lib/python3.9/site-packages (from pyriemann) (1.4.2)
Requirement already satisfied: numpy!=1.24.0 in /storage/home/hcoda1/3/cchen847/.local/lib/python3.9/site-packages (from pyriemann) (1.26.4)
Requirement already satisfied: threadpoolctl>=2.0.0 in /storage/pace-apps/manual/packages/anaconda3/2022.05.0.1/lib/python3.9/site-packages (from scikit-learn->pyriemann) (2.2.0)
Defaulting to user installation because normal site-packages is not writeable
Requirement already satisfied: scikit-learn in /storage/home/hcoda1/3/cchen847/.local/lib/python3.9/site-packages (1.4.2)
Requirement already satisfied: threadpoolctl>=2.0.0 in /storage/pace-apps/manual/packages/anaconda3/2022.05.0.1/lib/python3.9/site-packages (from scikit-learn) (2.2.0)
Requirement already satisfied: joblib>=1.2.0 in /storage/home/hcoda1/3/cchen847/.local/lib/python3.9/site-packages (from scikit-learn) (1.4.0)
Requirement already satisfied: scipy>=1.6.0 in /storage/home/hcoda1/3/cchen847/.local/lib/python3.9/site-packages (from scikit-learn) (1.10.0)
Requirement already satisfied: numpy>=1.19.5 in /storage/home/hcoda1/3/cchen847/.local/lib/python3.9/site-packages (from scikit-learn) (1.26.4)
Defaulting to user installation because normal site-packages is not writeable
Requirement already satisfied: moabb in /storage/home/hcoda1/3/cchen847/.local/lib/python3.9/site-packages (1.0.0)
Requirement already satisfied: matplotlib<4.0.0,>=3.6.2 in /storage/home/hcoda1/3/cchen847/.local/lib/python3.9/site-packages (from moabb) (3.8.4)
Requirement already satisfied: mne<2.0,>=1.4 in /storage/home/hcoda1/3/cchen847/.local/lib/python3.9/site-packages (from moabb) (1.6.1)
Requirement already satisfied: requests<3.0.0,>=2.28.1 in /storage/home/hcoda1/3/cchen847/.local/lib/python3.9/site-packages (from moabb) (2.31.0)
Requirement already satisfied: pooch<2.0.0,>=1.6.0 in /storage/home/hcoda1/3/cchen847/.local/lib/python3.9/site-packages (from moabb) (1.8.1)
Requirement already satisfied: PyYAML<7.0,>=6.0 in /storage/pace-apps/manual/packages/anaconda3/2022.05.0.1/lib/python3.9/site-packages (from moabb) (6.0)
Requirement already satisfied: urllib3<2.0.0,>=1.26.15 in /storage/home/hcoda1/3/cchen847/.local/lib/python3.9/site-packages (from moabb) (1.26.18)
Requirement already satisfied: coverage<8.0.0,>=7.0.1 in /storage/home/hcoda1/3/cchen847/.local/lib/python3.9/site-packages (from moabb) (7.4.4)
Requirement already satisfied: h5py<=3.8.0 in /storage/pace-apps/manual/packages/anaconda3/2022.05.0.1/lib/python3.9/site-packages (from moabb) (3.6.0)
Requirement already satisfied: scikit-learn<2.0.0,>=1.2.0 in /storage/home/hcoda1/3/cchen847/.local/lib/python3.9/site-packages (from moabb) (1.4.2)
Requirement already satisfied: pyriemann<0.6,>=0.5 in /storage/home/hcoda1/3/cchen847/.local/lib/python3.9/site-packages (from moabb) (0.5)
Requirement already satisfied: edflib-python<2.0.0,>=1.0.6 in /storage/home/hcoda1/3/cchen847/.local/lib/python3.9/site-packages (from moabb) (1.0.8)
Requirement already satisfied: memory-profiler<0.62.0,>=0.61.0 in /storage/home/hcoda1/3/cchen847/.local/lib/python3.9/site-packages (from moabb) (0.61.0)
Requirement already satisfied: mne-bids<0.14,>=0.13 in /storage/home/hcoda1/3/cchen847/.local/lib/python3.9/site-packages (from moabb) (0.13)
Requirement already satisfied: seaborn<0.13.0,>=0.12.1 in /storage/home/hcoda1/3/cchen847/.local/lib/python3.9/site-packages (from moabb) (0.12.2)
Requirement already satisfied: pandas<2.0.0,>=1.5.2 in /storage/home/hcoda1/3/cchen847/.local/lib/python3.9/site-packages (from moabb) (1.5.3)
Requirement already satisfied: pytest<8.0.0,>=7.4.0 in /storage/home/hcoda1/3/cchen847/.local/lib/python3.9/site-packages (from moabb) (7.4.4)
Requirement already satisfied: tqdm<5.0.0,>=4.64.1 in /storage/home/hcoda1/3/cchen847/.local/lib/python3.9/site-packages (from moabb) (4.66.2)
Requirement already satisfied: numpy<2.0,>=1.22 in /storage/home/hcoda1/3/cchen847/.local/lib/python3.9/site-packages (from moabb) (1.26.4)
Requirement already satisfied: scipy<2.0.0,>=1.9.3 in /storage/home/hcoda1/3/cchen847/.local/lib/python3.9/site-packages (from moabb) (1.10.0)
Requirement already satisfied: pillow>=8 in /storage/pace-apps/manual/packages/anaconda3/2022.05.0.1/lib/python3.9/site-packages (from matplotlib<4.0.0,>=3.6.2->moabb) (9.0.1)
Requirement already satisfied: cycler>=0.10 in /storage/pace-apps/manual/packages/anaconda3/2022.05.0.1/lib/python3.9/site-packages (from matplotlib<4.0.0,>=3.6.2->moabb) (0.11.0)
Requirement already satisfied: fonttools>=4.22.0 in /storage/pace-apps/manual/packages/anaconda3/2022.05.0.1/lib/python3.9/site-packages (from matplotlib<4.0.0,>=3.6.2->moabb) (4.25.0)
Requirement already satisfied: pyparsing>=2.3.1 in /storage/pace-apps/manual/packages/anaconda3/2022.05.0.1/lib/python3.9/site-packages (from matplotlib<4.0.0,>=3.6.2->moabb) (3.0.4)
Requirement already satisfied: python-dateutil>=2.7 in /storage/pace-apps/manual/packages/anaconda3/2022.05.0.1/lib/python3.9/site-packages (from matplotlib<4.0.0,>=3.6.2->moabb) (2.8.2)
Requirement already satisfied: kiwisolver>=1.3.1 in /storage/pace-apps/manual/packages/anaconda3/2022.05.0.1/lib/python3.9/site-packages (from matplotlib<4.0.0,>=3.6.2->moabb) (1.3.2)
Requirement already satisfied: contourpy>=1.0.1 in /storage/home/hcoda1/3/cchen847/.local/lib/python3.9/site-packages (from matplotlib<4.0.0,>=3.6.2->moabb) (1.2.1)
Requirement already satisfied: importlib-resources>=3.2.0 in /storage/home/hcoda1/3/cchen847/.local/lib/python3.9/site-packages (from matplotlib<4.0.0,>=3.6.2->moabb) (6.4.0)
Requirement already satisfied: packaging>=20.0 in /storage/pace-apps/manual/packages/anaconda3/2022.05.0.1/lib/python3.9/site-packages (from matplotlib<4.0.0,>=3.6.2->moabb) (21.3)
Requirement already satisfied: zipp>=3.1.0 in /storage/pace-apps/manual/packages/anaconda3/2022.05.0.1/lib/python3.9/site-packages (from importlib-resources>=3.2.0->matplotlib<4.0.0,>=3.6.2->moabb) (3.7.0)
Requirement already satisfied: psutil in /storage/pace-apps/manual/packages/anaconda3/2022.05.0.1/lib/python3.9/site-packages (from memory-profiler<0.62.0,>=0.61.0->moabb) (5.8.0)
Requirement already satisfied: jinja2 in /storage/pace-apps/manual/packages/anaconda3/2022.05.0.1/lib/python3.9/site-packages (from mne<2.0,>=1.4->moabb) (2.11.3)
Requirement already satisfied: decorator in /storage/pace-apps/manual/packages/anaconda3/2022.05.0.1/lib/python3.9/site-packages (from mne<2.0,>=1.4->moabb) (5.1.1)
Requirement already satisfied: lazy-loader>=0.3 in /storage/home/hcoda1/3/cchen847/.local/lib/python3.9/site-packages (from mne<2.0,>=1.4->moabb) (0.4)
Requirement already satisfied: pytz>=2020.1 in /storage/pace-apps/manual/packages/anaconda3/2022.05.0.1/lib/python3.9/site-packages (from pandas<2.0.0,>=1.5.2->moabb) (2021.3)
Requirement already satisfied: platformdirs>=2.5.0 in /storage/home/hcoda1/3/cchen847/.local/lib/python3.9/site-packages (from pooch<2.0.0,>=1.6.0->moabb) (4.2.0)
Requirement already satisfied: joblib in /storage/home/hcoda1/3/cchen847/.local/lib/python3.9/site-packages (from pyriemann<0.6,>=0.5->moabb) (1.4.0)
Requirement already satisfied: tomli>=1.0.0 in /storage/pace-apps/manual/packages/anaconda3/2022.05.0.1/lib/python3.9/site-packages (from pytest<8.0.0,>=7.4.0->moabb) (1.2.2)
Requirement already satisfied: exceptiongroup>=1.0.0rc8 in /storage/home/hcoda1/3/cchen847/.local/lib/python3.9/site-packages (from pytest<8.0.0,>=7.4.0->moabb) (1.2.0)
Requirement already satisfied: iniconfig in /storage/pace-apps/manual/packages/anaconda3/2022.05.0.1/lib/python3.9/site-packages (from pytest<8.0.0,>=7.4.0->moabb) (1.1.1)
Requirement already satisfied: pluggy<2.0,>=0.12 in /storage/pace-apps/manual/packages/anaconda3/2022.05.0.1/lib/python3.9/site-packages (from pytest<8.0.0,>=7.4.0->moabb) (1.0.0)
Requirement already satisfied: six>=1.5 in /storage/pace-apps/manual/packages/anaconda3/2022.05.0.1/lib/python3.9/site-packages (from python-dateutil>=2.7->matplotlib<4.0.0,>=3.6.2->moabb) (1.16.0)
Requirement already satisfied: idna<4,>=2.5 in /storage/pace-apps/manual/packages/anaconda3/2022.05.0.1/lib/python3.9/site-packages (from requests<3.0.0,>=2.28.1->moabb) (3.3)
Requirement already satisfied: certifi>=2017.4.17 in /storage/pace-apps/manual/packages/anaconda3/2022.05.0.1/lib/python3.9/site-packages (from requests<3.0.0,>=2.28.1->moabb) (2021.10.8)
Requirement already satisfied: charset-normalizer<4,>=2 in /storage/pace-apps/manual/packages/anaconda3/2022.05.0.1/lib/python3.9/site-packages (from requests<3.0.0,>=2.28.1->moabb) (2.0.4)
Requirement already satisfied: threadpoolctl>=2.0.0 in /storage/pace-apps/manual/packages/anaconda3/2022.05.0.1/lib/python3.9/site-packages (from scikit-learn<2.0.0,>=1.2.0->moabb) (2.2.0)
Requirement already satisfied: MarkupSafe>=0.23 in /storage/pace-apps/manual/packages/anaconda3/2022.05.0.1/lib/python3.9/site-packages (from jinja2->mne<2.0,>=1.4->moabb) (2.0.1)
<frozen importlib._bootstrap>:228: FutureWarning: mne.io.pick.pick_types is deprecated will be removed in 1.6, use documented public API instead. If no appropriate public API exists, please open an issue on GitHub.
<frozen importlib._bootstrap>:228: FutureWarning: mne.io.pick.pick_channels_regexp is deprecated will be removed in 1.6, use documented public API instead. If no appropriate public API exists, please open an issue on GitHub.
<frozen importlib._bootstrap>:228: FutureWarning: mne.io.pick.channel_type is deprecated will be removed in 1.6, use documented public API instead. If no appropriate public API exists, please open an issue on GitHub.
/storage/home/hcoda1/3/cchen847/.local/lib/python3.9/site-packages/moabb/pipelines/__init__.py:26: ModuleNotFoundError: Tensorflow is not installed. You won't be able to use these MOABB pipelines if you attempt to do so.
  warn(
To use the get_shape_from_baseconcar, InputShapeSetterEEG, BraindecodeDatasetLoaderyou need to install `braindecode`.`pip install braindecode` or Please refer to `https://braindecode.org`.
Loading subjects 1...
Processing raw data for subject 1
Shape of events:  960
Shape of labels:  960
Traceback (most recent call last):
  File "/storage/coda1/p-rs275/0/cchen847/da_eeg/mDA/Notebook/mDA_Schirrmeister_preprocess.py", line 168, in <module>
    os.rmdir(data_path)
OSError: [Errno 39] Directory not empty: '/storage/home/hcoda1/3/cchen847/mne_data/'
Please execute mDA_Schirrmeister_preprocess.ipynb first.
Please execute mDA_Schirrmeister_preprocess.ipynb first.
Please execute mDA_Schirrmeister_preprocess.ipynb first.
Please execute mDA_Schirrmeister_preprocess.ipynb first.
Please execute mDA_Schirrmeister_preprocess.ipynb first.
Please execute mDA_Schirrmeister_preprocess.ipynb first.
Please execute mDA_Schirrmeister_preprocess.ipynb first.
Please execute mDA_Schirrmeister_preprocess.ipynb first.
Please execute mDA_Schirrmeister_preprocess.ipynb first.
Please execute mDA_Schirrmeister_preprocess.ipynb first.
Please execute mDA_Schirrmeister_preprocess.ipynb first.
Please execute mDA_Schirrmeister_preprocess.ipynb first.
Please execute mDA_Schirrmeister_preprocess.ipynb first.
Please execute mDA_Schirrmeister_preprocess.ipynb first.
Processing subject 1...
Traceback (most recent call last):
  File "/storage/coda1/p-rs275/0/cchen847/da_eeg/mDA/Notebook/mDA_Schirrmeister.py", line 315, in <module>
    epochs_data = 1e6 * all_epochs[i].get_data()
IndexError: list index out of range
---------------------------------------
Begin Slurm Epilog: Apr-10-2024 17:04:27
Job ID:        5616939
Array Job ID:  _4294967294
User ID:       cchen847
Account:       gts-rs275
Job name:      nerf2_test
Resources:     cpu=12,gres/gpu:v100=1,mem=10G,node=1
Rsrc Used:     cput=00:12:00,vmem=649972K,walltime=00:01:00,mem=167160K,energy_used=0
Partition:     gpu-v100
QOS:           inferno
Nodes:         atl1-1-02-007-31-0
---------------------------------------
